00:17:26: Creating resource group General
00:17:26: Creating resource group Internal
00:17:26: Creating resource group Autodetect
00:17:26: SceneManagerFactory for type 'DefaultSceneManager' registered.
00:17:26: Registering ResourceManager for type Material
00:17:26: Registering ResourceManager for type Mesh
00:17:26: Registering ResourceManager for type Skeleton
00:17:26: MovableObjectFactory for type 'ParticleSystem' registered.
00:17:26: OverlayElementFactory for type Panel registered.
00:17:26: OverlayElementFactory for type BorderPanel registered.
00:17:26: OverlayElementFactory for type TextArea registered.
00:17:26: Registering ResourceManager for type Font
00:17:26: ArchiveFactory for archive type FileSystem registered.
00:17:26: ArchiveFactory for archive type Zip registered.
00:17:26: DDS codec registering
00:17:26: FreeImage version: 3.13.1
00:17:26: This program uses FreeImage, a free, open source image library supporting all common bitmap formats. See http://freeimage.sourceforge.net for details
00:17:26: Supported formats: bmp,ico,jpg,jif,jpeg,jpe,jng,koa,iff,lbm,mng,pbm,pbm,pcd,pcx,pgm,pgm,png,ppm,ppm,ras,tga,targa,tif,tiff,wap,wbmp,wbm,psd,cut,xbm,xpm,gif,hdr,g3,sgi,exr,j2k,j2c,jp2,pfm,pct,pict,pic,bay,bmq,cr2,crw,cs1,dc2,dcr,dng,erf,fff,hdr,k25,kdc,mdc,mos,mrw,nef,orf,pef,pxn,raf,raw,rdc,sr2,srf,arw,3fr,cine,ia,kc2,mef,nrw,qtk,rw2,sti,drf,dsc,ptx,cap,iiq,rwz
00:17:26: Registering ResourceManager for type HighLevelGpuProgram
00:17:26: Registering ResourceManager for type Compositor
00:17:26: MovableObjectFactory for type 'Entity' registered.
00:17:26: MovableObjectFactory for type 'Light' registered.
00:17:26: MovableObjectFactory for type 'BillboardSet' registered.
00:17:26: MovableObjectFactory for type 'ManualObject' registered.
00:17:26: MovableObjectFactory for type 'BillboardChain' registered.
00:17:26: MovableObjectFactory for type 'RibbonTrail' registered.
00:17:26: Loading library .\RenderSystem_Direct3D9
00:17:26: Installing plugin: D3D9 RenderSystem
00:17:26: D3D9 : Direct3D9 Rendering Subsystem created.
00:17:26: D3D9: Driver Detection Starts
00:17:26: D3D9: Driver Detection Ends
00:17:27: Plugin successfully installed
00:17:27: Loading library .\RenderSystem_GL
00:17:27: Installing plugin: GL RenderSystem
00:17:27: OpenGL Rendering Subsystem created.
00:17:28: Plugin successfully installed
00:17:28: Loading library .\Plugin_ParticleFX
00:17:28: Installing plugin: ParticleFX
00:17:28: Particle Emitter Type 'Point' registered
00:17:28: Particle Emitter Type 'Box' registered
00:17:28: Particle Emitter Type 'Ellipsoid' registered
00:17:28: Particle Emitter Type 'Cylinder' registered
00:17:28: Particle Emitter Type 'Ring' registered
00:17:28: Particle Emitter Type 'HollowEllipsoid' registered
00:17:28: Particle Affector Type 'LinearForce' registered
00:17:28: Particle Affector Type 'ColourFader' registered
00:17:28: Particle Affector Type 'ColourFader2' registered
00:17:28: Particle Affector Type 'ColourImage' registered
00:17:28: Particle Affector Type 'ColourInterpolator' registered
00:17:28: Particle Affector Type 'Scaler' registered
00:17:28: Particle Affector Type 'Rotator' registered
00:17:28: Particle Affector Type 'DirectionRandomiser' registered
00:17:28: Particle Affector Type 'DeflectorPlane' registered
00:17:28: Plugin successfully installed
00:17:28: Loading library .\Plugin_BSPSceneManager
00:17:28: Installing plugin: BSP Scene Manager
00:17:28: Plugin successfully installed
00:17:28: Loading library .\Plugin_CgProgramManager
00:17:28: Installing plugin: Cg Program Manager
00:17:28: Plugin successfully installed
00:17:28: Loading library .\Plugin_PCZSceneManager
00:17:28: Installing plugin: Portal Connected Zone Scene Manager
00:17:28: PCZone Factory Type 'ZoneType_Default' registered
00:17:28: Plugin successfully installed
00:17:28: Loading library .\Plugin_OctreeZone
00:17:28: Installing plugin: Octree Zone Factory
00:17:28: Plugin successfully installed
00:17:28: Loading library .\Plugin_OctreeSceneManager
00:17:28: Installing plugin: Octree & Terrain Scene Manager
00:17:28: Plugin successfully installed
00:17:28: *-*-* OGRE Initialising
00:17:28: *-*-* Version 1.7.1 (Cthugha)
00:17:28: Creating resource group Essential
00:17:28: Added resource location '../../media/thumbnails' of type 'FileSystem' to resource group 'Essential'
00:17:28: Added resource location '../../media/packs/SdkTrays.zip' of type 'Zip' to resource group 'Essential'
00:17:28: Added resource location '../../media' of type 'FileSystem' to resource group 'General'
00:17:28: Creating resource group Popular
00:17:28: Added resource location '../../media/fonts' of type 'FileSystem' to resource group 'Popular'
00:17:28: Added resource location '../../media/materials/programs' of type 'FileSystem' to resource group 'Popular'
00:17:28: Added resource location '../../media/materials/scripts' of type 'FileSystem' to resource group 'Popular'
00:17:28: Added resource location '../../media/materials/textures' of type 'FileSystem' to resource group 'Popular'
00:17:28: Added resource location '../../media/materials/textures/nvidia' of type 'FileSystem' to resource group 'Popular'
00:17:28: Added resource location '../../media/models' of type 'FileSystem' to resource group 'Popular'
00:17:28: Added resource location '../../media/particle' of type 'FileSystem' to resource group 'Popular'
00:17:28: Added resource location '../../media/DeferredShadingMedia' of type 'FileSystem' to resource group 'Popular'
00:17:28: Added resource location '../../media/PCZAppMedia' of type 'FileSystem' to resource group 'Popular'
00:17:28: Added resource location '../../media/RTShaderLib' of type 'FileSystem' to resource group 'Popular'
00:17:28: Added resource location '../../media/RTShaderLib/materials' of type 'FileSystem' to resource group 'Popular'
00:17:28: Added resource location '../../media/packs/cubemap.zip' of type 'Zip' to resource group 'Popular'
00:17:28: Added resource location '../../media/packs/cubemapsJS.zip' of type 'Zip' to resource group 'Popular'
00:17:28: Added resource location '../../media/packs/dragon.zip' of type 'Zip' to resource group 'Popular'
00:17:28: Added resource location '../../media/packs/fresneldemo.zip' of type 'Zip' to resource group 'Popular'
00:17:28: Added resource location '../../media/packs/ogretestmap.zip' of type 'Zip' to resource group 'Popular'
00:17:28: Added resource location '../../media/packs/ogredance.zip' of type 'Zip' to resource group 'Popular'
00:17:28: Added resource location '../../media/packs/Sinbad.zip' of type 'Zip' to resource group 'Popular'
00:17:28: Added resource location '../../media/packs/skybox.zip' of type 'Zip' to resource group 'Popular'
00:17:28: D3D9 : RenderSystem Option: Allow NVPerfHUD = No
00:17:28: D3D9 : RenderSystem Option: FSAA = 0
00:17:28: D3D9 : RenderSystem Option: Floating-point mode = Fastest
00:17:28: D3D9 : RenderSystem Option: Full Screen = No
00:17:28: D3D9 : RenderSystem Option: Rendering Device = Monitor-1-NVIDIA GeForce GTX 1080
00:17:28: D3D9 : RenderSystem Option: Resource Creation Policy = Create on all devices
00:17:28: D3D9 : RenderSystem Option: VSync = No
00:17:28: D3D9 : RenderSystem Option: VSync Interval = 1
00:17:28: D3D9 : RenderSystem Option: Video Mode = 800 x 600 @ 32-bit colour
00:17:28: D3D9 : RenderSystem Option: sRGB Gamma Conversion = No
00:17:29: CPU Identifier & Features
00:17:29: -------------------------
00:17:29:  *   CPU ID: GenuineIntel: Intel(R) Core(TM) i9-9900KF CPU @ 3.60GHz
00:17:29:  *      SSE: yes
00:17:29:  *     SSE2: yes
00:17:29:  *     SSE3: yes
00:17:29:  *      MMX: yes
00:17:29:  *   MMXEXT: yes
00:17:29:  *    3DNOW: no
00:17:29:  * 3DNOWEXT: no
00:17:29:  *     CMOV: yes
00:17:29:  *      TSC: yes
00:17:29:  *      FPU: yes
00:17:29:  *      PRO: yes
00:17:29:  *       HT: no
00:17:29: -------------------------
00:17:29: D3D9 : Subsystem Initialising
00:17:29: Registering ResourceManager for type Texture
00:17:29: Registering ResourceManager for type GpuProgram
00:17:29: D3D9RenderSystem::_createRenderWindow "NCTU. 3D Game Programming. Student Name: Alden Rivera. ID:0416329", 800x600 windowed  miscParams: FSAA=0 FSAAHint= colourDepth=32 gamma=false monitorIndex=0 useNVPerfHUD=false vsync=false vsyncInterval=1 
00:17:29: D3D9 : Created D3D9 Rendering Window 'NCTU. 3D Game Programming. Student Name: Alden Rivera. ID:0416329' : 800x600, 32bpp
00:17:29: D3D9 : WARNING - disabling VSync in windowed mode can cause timing issues at lower frame rates, turn VSync on if you observe this problem.
00:17:29: D3D9: Vertex texture format supported - PF_A8R8G8B8
00:17:29: D3D9: Vertex texture format supported - PF_B8G8R8A8
00:17:29: D3D9: Vertex texture format supported - PF_FLOAT16_RGB
00:17:29: D3D9: Vertex texture format supported - PF_FLOAT16_RGBA
00:17:29: D3D9: Vertex texture format supported - PF_FLOAT32_RGB
00:17:29: D3D9: Vertex texture format supported - PF_FLOAT32_RGBA
00:17:29: D3D9: Vertex texture format supported - PF_R8G8B8A8
00:17:29: D3D9: Vertex texture format supported - PF_DEPTH
00:17:29: D3D9: Vertex texture format supported - PF_FLOAT16_R
00:17:29: D3D9: Vertex texture format supported - PF_FLOAT32_R
00:17:29: D3D9: Vertex texture format supported - PF_FLOAT16_GR
00:17:29: D3D9: Vertex texture format supported - PF_FLOAT32_GR
00:17:29: D3D9: Vertex texture format supported - PF_PVRTC_RGB2
00:17:29: D3D9: Vertex texture format supported - PF_PVRTC_RGBA2
00:17:29: D3D9: Vertex texture format supported - PF_PVRTC_RGB4
00:17:29: D3D9: Vertex texture format supported - PF_PVRTC_RGBA4
00:17:29: RenderSystem capabilities
00:17:29: -------------------------
00:17:29: RenderSystem Name: Direct3D9 Rendering Subsystem
00:17:29: GPU Vendor: nvidia
00:17:29: Device Name: Monitor-1-NVIDIA GeForce GTX 1080
00:17:29: Driver Version: 27.21.14.5167
00:17:29:  * Fixed function pipeline: yes
00:17:29:  * Hardware generation of mipmaps: yes
00:17:29:  * Texture blending: yes
00:17:29:  * Anisotropic texture filtering: yes
00:17:29:  * Dot product texture operation: yes
00:17:29:  * Cube mapping: yes
00:17:29:  * Hardware stencil buffer: yes
00:17:29:    - Stencil depth: 8
00:17:29:    - Two sided stencil support: yes
00:17:29:    - Wrap stencil values: yes
00:17:29:  * Hardware vertex / index buffers: yes
00:17:29:  * Vertex programs: yes
00:17:29:  * Number of floating-point constants for vertex programs: 256
00:17:29:  * Number of integer constants for vertex programs: 16
00:17:29:  * Number of boolean constants for vertex programs: 16
00:17:29:  * Fragment programs: yes
00:17:29:  * Number of floating-point constants for fragment programs: 224
00:17:29:  * Number of integer constants for fragment programs: 16
00:17:29:  * Number of boolean constants for fragment programs: 16
00:17:29:  * Geometry programs: no
00:17:29:  * Number of floating-point constants for geometry programs: 1157
00:17:29:  * Number of integer constants for geometry programs: 25697
00:17:29:  * Number of boolean constants for geometry programs: 25183
00:17:29:  * Supported Shader Profiles: hlsl ps_1_1 ps_1_2 ps_1_3 ps_1_4 ps_2_0 ps_2_a ps_2_b ps_2_x ps_3_0 vs_1_1 vs_2_0 vs_2_a vs_2_x vs_3_0
00:17:29:  * Texture Compression: yes
00:17:29:    - DXT: yes
00:17:29:    - VTC: no
00:17:29:    - PVRTC: no
00:17:29:  * Scissor Rectangle: yes
00:17:29:  * Hardware Occlusion Query: yes
00:17:29:  * User clip planes: yes
00:17:29:  * VET_UBYTE4 vertex element type: yes
00:17:29:  * Infinite far plane projection: yes
00:17:29:  * Hardware render-to-texture: yes
00:17:29:  * Floating point textures: yes
00:17:29:  * Non-power-of-two textures: yes
00:17:29:  * Volume textures: yes
00:17:29:  * Multiple Render Targets: 4
00:17:29:    - With different bit depths: yes
00:17:29:  * Point Sprites: yes
00:17:29:  * Extended point parameters: yes
00:17:29:  * Max Point Size: 10
00:17:29:  * Vertex texture fetch: yes
00:17:29:  * Number of world matrices: 0
00:17:29:  * Number of texture units: 8
00:17:29:  * Stencil buffer depth: 8
00:17:29:  * Number of vertex blend matrices: 0
00:17:29:    - Max vertex textures: 4
00:17:29:    - Vertex textures shared: no
00:17:29:  * Render to Vertex Buffer : no
00:17:30:  * DirectX per stage constants: yes
00:17:30: ***************************************
00:17:30: *** D3D9 : Subsystem Initialised OK ***
00:17:30: ***************************************
00:17:30: DefaultWorkQueue('Root') initialising on thread 0151F7E0.
00:17:30: DefaultWorkQueue('Root')::WorkerFunc - thread 0A307148 starting.
00:17:30: DefaultWorkQueue('Root')::WorkerFunc - thread 0A307328 starting.
00:17:30: DefaultWorkQueue('Root')::WorkerFunc - thread 0A306F38 starting.
00:17:30: Particle Renderer Type 'billboard' registered
00:17:30: DefaultWorkQueue('Root')::WorkerFunc - thread 0A307178 starting.
00:17:30: DefaultWorkQueue('Root')::WorkerFunc - thread 0A306F68 starting.
00:17:30: DefaultWorkQueue('Root')::WorkerFunc - thread 0A306F98 starting.
00:17:30: DefaultWorkQueue('Root')::WorkerFunc - thread 0A307058 starting.
00:17:30: DefaultWorkQueue('Root')::WorkerFunc - thread 0A3072F8 starting.
00:17:30: DefaultWorkQueue('Root')::WorkerFunc - thread 0A307268 starting.
00:17:30: DefaultWorkQueue('Root')::WorkerFunc - thread 0A307388 starting.
00:17:30: DefaultWorkQueue('Root')::WorkerFunc - thread 0A3073B8 starting.
00:17:30: DefaultWorkQueue('Root')::WorkerFunc - thread 0A307748 starting.
00:17:30: DefaultWorkQueue('Root')::WorkerFunc - thread 0A307778 starting.
00:17:30: DefaultWorkQueue('Root')::WorkerFunc - thread 0A3077D8 starting.
00:17:30: DefaultWorkQueue('Root')::WorkerFunc - thread 0A307418 starting.
00:17:30: DefaultWorkQueue('Root')::WorkerFunc - thread 0A307898 starting.
00:17:30: SceneManagerFactory for type 'BspSceneManager' registered.
00:17:30: Registering ResourceManager for type BspLevel
00:17:30: SceneManagerFactory for type 'PCZSceneManager' registered.
00:17:30: MovableObjectFactory for type 'PCZLight' registered.
00:17:30: MovableObjectFactory for type 'Portal' registered.
00:17:30: MovableObjectFactory for type 'AntiPortal' registered.
00:17:30: PCZone Factory Type 'ZoneType_Octree' registered
00:17:30: PCZone Factory Type 'ZoneType_Terrain' registered
00:17:30: SceneManagerFactory for type 'OctreeSceneManager' registered.
00:17:30: SceneManagerFactory for type 'TerrainSceneManager' registered.
00:17:30: Parsing scripts for resource group Autodetect
00:17:30: Finished parsing scripts for resource group Autodetect
00:17:30: Parsing scripts for resource group Essential
00:17:30: Parsing script SdkTrays.material
00:17:30: Parsing script SdkTrays.fontdef
00:17:30: Parsing script SdkTrays.overlay
00:17:30: Bad element attribute line: '# you can offset the image to change the cursor "hotspot"' for element SdkTrays/Cursor in overlay 
00:17:30: Texture: sdk_cursor.png: Loading 1 faces(PF_A8R8G8B8,32x32x1) with  hardware generated mipmaps from Image. Internal format is PF_A8R8G8B8,32x32x1.
00:17:30: Texture: sdk_tray.png: Loading 1 faces(PF_A8R8G8B8,64x64x1) with  hardware generated mipmaps from Image. Internal format is PF_A8R8G8B8,64x64x1.
00:17:30: Texture: sdk_button_up.png: Loading 1 faces(PF_A8R8G8B8,128x32x1) with  hardware generated mipmaps from Image. Internal format is PF_A8R8G8B8,128x32x1.
00:17:30: Texture: sdk_text_box.png: Loading 1 faces(PF_A8R8G8B8,32x32x1) with  hardware generated mipmaps from Image. Internal format is PF_A8R8G8B8,32x32x1.
00:17:30: Texture: sdk_mini_tray.png: Loading 1 faces(PF_A8R8G8B8,32x32x1) with  hardware generated mipmaps from Image. Internal format is PF_A8R8G8B8,32x32x1.
00:17:30: Texture: sdk_track.png: Loading 1 faces(PF_A8R8G8B8,16x32x1) with  hardware generated mipmaps from Image. Internal format is PF_A8R8G8B8,16x32x1.
00:17:30: Texture: sdk_handle.png: Loading 1 faces(PF_A8R8G8B8,16x16x1) with  hardware generated mipmaps from Image. Internal format is PF_A8R8G8B8,16x16x1.
00:17:30: Texture: sdk_mini_text_box.png: Loading 1 faces(PF_A8R8G8B8,32x32x1) with  hardware generated mipmaps from Image. Internal format is PF_A8R8G8B8,32x32x1.
00:17:30: Texture: sdk_label.png: Loading 1 faces(PF_A8R8G8B8,32x32x1) with  hardware generated mipmaps from Image. Internal format is PF_A8R8G8B8,32x32x1.
00:17:30: Texture: sdk_separator.png: Loading 1 faces(PF_A8R8G8B8,64x16x1) with  hardware generated mipmaps from Image. Internal format is PF_A8R8G8B8,64x16x1.
00:17:30: Texture: sdk_logo.png: Loading 1 faces(PF_A8R8G8B8,128x64x1) with  hardware generated mipmaps from Image. Internal format is PF_A8R8G8B8,128x64x1.
00:17:30: Texture: sdk_shade.png: Loading 1 faces(PF_A8R8G8B8,64x48x1) with 5 generated mipmaps from Image. Internal format is PF_A8R8G8B8,64x48x1.
00:17:30: Texture: sdk_frame.png: Loading 1 faces(PF_A8R8G8B8,32x32x1) with  hardware generated mipmaps from Image. Internal format is PF_A8R8G8B8,32x32x1.
00:17:30: Texture: sdk_mini_text_box_over.png: Loading 1 faces(PF_A8R8G8B8,32x32x1) with  hardware generated mipmaps from Image. Internal format is PF_A8R8G8B8,32x32x1.
00:17:30: Texture: sdk_pulse.png: Loading 1 faces(PF_R8G8B8,8x1x1) with  hardware generated mipmaps from Image. Internal format is PF_X8R8G8B8,8x1x1.
00:17:30: Finished parsing scripts for resource group Essential
00:17:30: Parsing scripts for resource group General
00:17:30: Finished parsing scripts for resource group General
00:17:30: Parsing scripts for resource group Internal
00:17:30: Finished parsing scripts for resource group Internal
00:17:30: Parsing scripts for resource group Popular
00:17:30: Parsing script Examples.program
00:17:30: Parsing script StdQuad_vp.program
00:17:30: Parsing script deferred_post.program
00:17:30: Parsing script ShadowCaster.program
00:17:30: Parsing script ASCII.material
00:17:30: Parsing script ASMSwizzle.material
00:17:30: Compiler error: object unsupported by render system in ASMSwizzle.material(1)
00:17:30: Parsing script BlackAndWhite.material
00:17:30: Parsing script Bloom.material
00:17:30: Parsing script Bloom2.material
00:17:30: Parsing script CGSwizzle.material
00:17:30: Parsing script CompositorDemo.material
00:17:30: Parsing script DepthShadowmap.material
00:17:30: Parsing script Dither.material
00:17:30: Parsing script DOF.material
00:17:30: Parsing script Embossed.material
00:17:30: Parsing script Example-Water.material
00:17:30: Parsing script Examples-Advanced.material
00:17:30: Parsing script Examples-DynTex.material
00:17:30: Parsing script Examples-Water.material
00:17:30: Parsing script Examples.material
00:17:30: Compiler error: number expected in Examples.material(31): specular expects at least 4 arguments
00:17:30: OGRE EXCEPTION(2:InvalidParametersException): Parameter called camObjPos does not exist.  in GpuProgramParameters::_findNamedConstantDefinition at ..\..\..\..\OgreMain\src\OgreGpuProgramParams.cpp (line 1433)
00:17:30: Compiler error: invalid parameters in Examples.material(852): setting of constant failed
00:17:30: Parsing script facial.material
00:17:30: Parsing script Glass.material
00:17:30: Parsing script GLSLSwizzle.material
00:17:30: Parsing script Halftone.material
00:17:30: Parsing script hdr.material
00:17:30: Parsing script HeatVision.material
00:17:30: Parsing script Hurt.material
00:17:30: Parsing script instancing.material
00:17:30: Parsing script Invert.material
00:17:30: Parsing script IsoSurf.material
00:17:30: Parsing script Laplace.material
00:17:30: Parsing script MotionBlur.material
00:17:30: Parsing script MRTtest.material
00:17:30: Parsing script NightVision.material
00:17:30: Parsing script Ocean.material
00:17:30: Parsing script OffsetMapping.material
00:17:30: Parsing script Ogre.material
00:17:30: Parsing script OldMovie.material
00:17:30: Parsing script OldTV.material
00:17:30: Parsing script ParticleGS.material
00:17:30: OGRE EXCEPTION(7:InternalErrorException): Unable to compile Cg program Ogre/ParticleGS/GenerateVS: CG ERROR : "The compile returned an error."
(0) : error C6015: Output 'POSITION' not completely written
 in CgProgram::loadFromSource at ..\..\..\..\..\PlugIns\CgProgramManager\src\OgreCgProgramManagerDll.cpp (line 67)
00:17:30: High-level program Ogre/ParticleGS/GenerateVS encountered an error during loading and is thus not supported.
OGRE EXCEPTION(7:InternalErrorException): Unable to compile Cg program Ogre/ParticleGS/GenerateVS: CG ERROR : "The compile returned an error."
(0) : error C6015: Output 'POSITION' not completely written
 in CgProgram::loadFromSource at ..\..\..\..\..\PlugIns\CgProgramManager\src\OgreCgProgramManagerDll.cpp (line 67)
00:17:30: OGRE EXCEPTION(7:InternalErrorException): Unable to compile Cg program Ogre/ParticleGS/DisplayVS: CG ERROR : "The compile returned an error."
(249) : warning C7050: "output.color" might be used before being initialized
(0) : error C6015: Output 'POSITION' not completely written
 in CgProgram::loadFromSource at ..\..\..\..\..\PlugIns\CgProgramManager\src\OgreCgProgramManagerDll.cpp (line 67)
00:17:30: High-level program Ogre/ParticleGS/DisplayVS encountered an error during loading and is thus not supported.
OGRE EXCEPTION(7:InternalErrorException): Unable to compile Cg program Ogre/ParticleGS/DisplayVS: CG ERROR : "The compile returned an error."
(249) : warning C7050: "output.color" might be used before being initialized
(0) : error C6015: Output 'POSITION' not completely written
 in CgProgram::loadFromSource at ..\..\..\..\..\PlugIns\CgProgramManager\src\OgreCgProgramManagerDll.cpp (line 67)
00:17:30: OGRE EXCEPTION(7:InternalErrorException): Unable to compile Cg program Ogre/ParticleGS/DisplayPS: CG ERROR : "The compile returned an error."
(323) : fatal error C9999: unexpected cast operation
 in CgProgram::loadFromSource at ..\..\..\..\..\PlugIns\CgProgramManager\src\OgreCgProgramManagerDll.cpp (line 67)
00:17:30: High-level program Ogre/ParticleGS/DisplayPS encountered an error during loading and is thus not supported.
OGRE EXCEPTION(7:InternalErrorException): Unable to compile Cg program Ogre/ParticleGS/DisplayPS: CG ERROR : "The compile returned an error."
(323) : fatal error C9999: unexpected cast operation
 in CgProgram::loadFromSource at ..\..\..\..\..\PlugIns\CgProgramManager\src\OgreCgProgramManagerDll.cpp (line 67)
00:17:30: Parsing script Penguin.material
00:17:30: Parsing script Posterize.material
00:17:30: Parsing script pssm.material
00:17:30: Parsing script RadialBlur.material
00:17:30: Parsing script RZR-002.material
00:17:30: Parsing script ShaderSystem.material
00:17:30: Parsing script shadows.material
00:17:30: Parsing script SharpenEdges.material
00:17:30: Parsing script sibenik.material
00:17:30: Parsing script smoke.material
00:17:30: Parsing script Tiling.material
00:17:30: Parsing script VarianceShadowmap.material
00:17:30: Parsing script deferreddemo.material
00:17:30: Parsing script deferred_post.material
00:17:30: Parsing script deferred_post_minilight.material
00:17:30: Parsing script ShadowCaster.material
00:17:30: Parsing script ssao.material
00:17:30: Parsing script ROOM.material
00:17:30: Parsing script RTShaderSystem.material
00:17:30: Compiler error: unknown error in RTShaderSystem.material(23): token "rtshader_system" is not recognized
00:17:30: Compiler error: unknown error in RTShaderSystem.material(52): token "rtshader_system" is not recognized
00:17:30: Compiler error: unknown error in RTShaderSystem.material(81): token "rtshader_system" is not recognized
00:17:30: Compiler error: unknown error in RTShaderSystem.material(110): token "rtshader_system" is not recognized
00:17:30: Compiler error: unknown error in RTShaderSystem.material(146): token "rtshader_system" is not recognized
00:17:30: Compiler error: unknown error in RTShaderSystem.material(81): token "rtshader_system" is not recognized
00:17:30: Compiler error: unknown error in RTShaderSystem.material(162): token "rtshader_system" is not recognized
00:17:30: Compiler error: unknown error in RTShaderSystem.material(81): token "rtshader_system" is not recognized
00:17:30: Compiler error: unknown error in RTShaderSystem.material(110): token "rtshader_system" is not recognized
00:17:30: Parsing script RomanBath.material
00:17:30: Parsing script Sinbad.material
00:17:30: Parsing script emitted_emitter.particle
00:17:30: Parsing script Examples-Water.particle
00:17:30: Parsing script Examples.particle
00:17:30: Parsing script smoke.particle
00:17:30: Parsing script Examples.compositor
00:17:30: Parsing script deferred.compositor
00:17:30: Parsing script ssao.compositor
00:17:30: Parsing script sample.fontdef
00:17:30: Finished parsing scripts for resource group Popular
00:17:30: Mesh: Loading penguin.mesh.
00:17:31: Skeleton: Loading penguin.skeleton
00:17:31: WARNING: penguin.mesh is an older format ([MeshSerializer_v1.40]); you should upgrade it as soon as possible using the OgreMeshUpgrade tool.
00:17:31: Texture: penguin.jpg: Loading 1 faces(PF_R8G8B8,512x512x1) with  hardware generated mipmaps from Image. Internal format is PF_X8R8G8B8,512x512x1.
00:17:31: Mesh: Loading cube.mesh.
00:17:31: Texture: RustySteel.jpg: Loading 1 faces(PF_R8G8B8,256x256x1) with  hardware generated mipmaps from Image. Internal format is PF_X8R8G8B8,256x256x1.
00:17:31: Texture: spheremap.png: Loading 1 faces(PF_R8G8B8,256x256x1) with  hardware generated mipmaps from Image. Internal format is PF_X8R8G8B8,256x256x1.
00:17:31: Texture: Chrome.jpg: Loading 1 faces(PF_L8,256x256x1) with  hardware generated mipmaps from Image. Internal format is PF_L8,256x256x1.
00:17:31: *** Initializing OIS ***
00:17:31: Texture: spot_shadow_fade.png: Loading 1 faces(PF_R8G8B8,128x128x1) with  hardware generated mipmaps from Image. Internal format is PF_X8R8G8B8,128x128x1.
00:17:31: Font SdkTrays/Captionusing texture size 512x256
00:17:31: Info: Freetype returned null for character 160 in font SdkTrays/Caption
00:17:31: Texture: SdkTrays/CaptionTexture: Loading 1 faces(PF_BYTE_LA,512x256x1) with 0 generated mipmaps from Image. Internal format is PF_BYTE_LA,512x256x1.
00:17:31: Font SdkTrays/Valueusing texture size 512x512
00:17:31: Info: Freetype returned null for character 127 in font SdkTrays/Value
00:17:31: Info: Freetype returned null for character 128 in font SdkTrays/Value
00:17:31: Info: Freetype returned null for character 129 in font SdkTrays/Value
00:17:31: Info: Freetype returned null for character 130 in font SdkTrays/Value
00:17:31: Info: Freetype returned null for character 131 in font SdkTrays/Value
00:17:31: Info: Freetype returned null for character 132 in font SdkTrays/Value
00:17:31: Info: Freetype returned null for character 133 in font SdkTrays/Value
00:17:31: Info: Freetype returned null for character 134 in font SdkTrays/Value
00:17:31: Info: Freetype returned null for character 135 in font SdkTrays/Value
00:17:31: Info: Freetype returned null for character 136 in font SdkTrays/Value
00:17:31: Info: Freetype returned null for character 137 in font SdkTrays/Value
00:17:31: Info: Freetype returned null for character 138 in font SdkTrays/Value
00:17:31: Info: Freetype returned null for character 139 in font SdkTrays/Value
00:17:31: Info: Freetype returned null for character 140 in font SdkTrays/Value
00:17:31: Info: Freetype returned null for character 141 in font SdkTrays/Value
00:17:31: Info: Freetype returned null for character 142 in font SdkTrays/Value
00:17:31: Info: Freetype returned null for character 143 in font SdkTrays/Value
00:17:31: Info: Freetype returned null for character 144 in font SdkTrays/Value
00:17:31: Info: Freetype returned null for character 145 in font SdkTrays/Value
00:17:31: Info: Freetype returned null for character 146 in font SdkTrays/Value
00:17:31: Info: Freetype returned null for character 147 in font SdkTrays/Value
00:17:31: Info: Freetype returned null for character 148 in font SdkTrays/Value
00:17:31: Info: Freetype returned null for character 149 in font SdkTrays/Value
00:17:31: Info: Freetype returned null for character 150 in font SdkTrays/Value
00:17:31: Info: Freetype returned null for character 151 in font SdkTrays/Value
00:17:31: Info: Freetype returned null for character 152 in font SdkTrays/Value
00:17:31: Info: Freetype returned null for character 153 in font SdkTrays/Value
00:17:31: Info: Freetype returned null for character 154 in font SdkTrays/Value
00:17:31: Info: Freetype returned null for character 155 in font SdkTrays/Value
00:17:31: Info: Freetype returned null for character 156 in font SdkTrays/Value
00:17:31: Info: Freetype returned null for character 157 in font SdkTrays/Value
00:17:31: Info: Freetype returned null for character 158 in font SdkTrays/Value
00:17:31: Info: Freetype returned null for character 159 in font SdkTrays/Value
00:17:31: Info: Freetype returned null for character 160 in font SdkTrays/Value
00:17:31: Texture: SdkTrays/ValueTexture: Loading 1 faces(PF_BYTE_LA,512x512x1) with 0 generated mipmaps from Image. Internal format is PF_BYTE_LA,512x512x1.
00:17:41: 1:*** keyPressed ***

00:17:41: DefaultWorkQueue('Root') shutting down on thread 0151F7E0.
00:17:41: DefaultWorkQueue('Root')::WorkerFunc - thread 0A307418 stopped.
00:17:41: DefaultWorkQueue('Root')::WorkerFunc - thread 0A3073B8 stopped.
00:17:41: DefaultWorkQueue('Root')::WorkerFunc - thread 0A3077D8 stopped.
00:17:41: DefaultWorkQueue('Root')::WorkerFunc - thread 0A307388 stopped.
00:17:41: DefaultWorkQueue('Root')::WorkerFunc - thread 0A306F38 stopped.
00:17:41: DefaultWorkQueue('Root')::WorkerFunc - thread 0A307898 stopped.
00:17:41: DefaultWorkQueue('Root')::WorkerFunc - thread 0A307178 stopped.
00:17:41: DefaultWorkQueue('Root')::WorkerFunc - thread 0A307328 stopped.
00:17:41: DefaultWorkQueue('Root')::WorkerFunc - thread 0A3072F8 stopped.
00:17:41: DefaultWorkQueue('Root')::WorkerFunc - thread 0A306F98 stopped.
00:17:41: DefaultWorkQueue('Root')::WorkerFunc - thread 0A307268 stopped.
00:17:41: DefaultWorkQueue('Root')::WorkerFunc - thread 0A307148 stopped.
00:17:41: DefaultWorkQueue('Root')::WorkerFunc - thread 0A307778 stopped.
00:17:41: DefaultWorkQueue('Root')::WorkerFunc - thread 0A307748 stopped.
00:17:41: DefaultWorkQueue('Root')::WorkerFunc - thread 0A306F68 stopped.
00:17:41: DefaultWorkQueue('Root')::WorkerFunc - thread 0A307058 stopped.
00:17:41: PCZone Factory Type 'ZoneType_Octree' unregistered
00:17:41: PCZone Factory Type 'ZoneType_Terrain' unregistered
00:17:41: Unregistering ResourceManager for type BspLevel
00:17:41: *-*-* OGRE Shutdown
00:17:41: Unregistering ResourceManager for type Compositor
00:17:41: Unregistering ResourceManager for type Font
00:17:41: Unregistering ResourceManager for type Skeleton
00:17:41: Unregistering ResourceManager for type Mesh
00:17:42: Unregistering ResourceManager for type HighLevelGpuProgram
00:17:42: Uninstalling plugin: Octree & Terrain Scene Manager
00:17:42: Plugin successfully uninstalled
00:17:42: Unloading library .\Plugin_OctreeSceneManager
00:17:42: Uninstalling plugin: Octree Zone Factory
00:17:42: Plugin successfully uninstalled
00:17:42: Unloading library .\Plugin_OctreeZone
00:17:42: Uninstalling plugin: Portal Connected Zone Scene Manager
00:17:42: Plugin successfully uninstalled
00:17:42: Unloading library .\Plugin_PCZSceneManager
00:17:42: Uninstalling plugin: Cg Program Manager
00:17:42: Plugin successfully uninstalled
00:17:42: Unloading library .\Plugin_CgProgramManager
00:17:42: Uninstalling plugin: BSP Scene Manager
00:17:42: Plugin successfully uninstalled
00:17:42: Unloading library .\Plugin_BSPSceneManager
00:17:42: Uninstalling plugin: ParticleFX
00:17:42: Plugin successfully uninstalled
00:17:42: Unloading library .\Plugin_ParticleFX
00:17:42: Uninstalling plugin: GL RenderSystem
00:17:42: *** Stopping Win32GL Subsystem ***
00:17:42: Plugin successfully uninstalled
00:17:42: Unloading library .\RenderSystem_GL
00:17:42: Uninstalling plugin: D3D9 RenderSystem
00:17:42: D3D9 : Shutting down cleanly.
00:17:42: Unregistering ResourceManager for type Texture
00:17:42: Unregistering ResourceManager for type GpuProgram
00:17:42: D3D9 : Direct3D9 Rendering Subsystem destroyed.
00:17:42: Plugin successfully uninstalled
00:17:42: Unloading library .\RenderSystem_Direct3D9
00:17:42: Unregistering ResourceManager for type Material
