bin\Release\demo_hello.pdb
D:\USERS\WINGO\TEACHING\3D_PROGRAMMING\SOURCE_CODE\3DGAME_OGRE_VC_9_V1-7-1_NET2010_ASSIGNMENTS\PROGRAMS\3DGP_201609_02_CONTROLCHARACTERS\BIN\RELEASE\DEMO_HELLO.EXE
D:\USERS\WINGO\TEACHING\3D_PROGRAMMING\SOURCE_CODE\3DGAME_OGRE_VC_9_V1-7-1_NET2010_ASSIGNMENTS\PROGRAMS\3DGP_201609_02_CONTROLCHARACTERS\BIN\RELEASE\DEMO_HELLO.PDB
D:\USERS\WINGO\TEACHING\3D_PROGRAMMING\SOURCE_CODE\3DGAME_OGRE_VC_9_V1-7-1_NET2010_ASSIGNMENTS\PROGRAMS\3DGP_201609_02_CONTROLCHARACTERS\RELEASE\BASEAPPLICATION.OBJ
D:\USERS\WINGO\TEACHING\3D_PROGRAMMING\SOURCE_CODE\3DGAME_OGRE_VC_9_V1-7-1_NET2010_ASSIGNMENTS\PROGRAMS\3DGP_201609_02_CONTROLCHARACTERS\RELEASE\BASICTOOLS.OBJ
D:\users\wingo\teaching\3D_Programming\source_code\3DGame_Ogre_vc_9_v1-7-1_NET2010_Assignments\programs\3DGP_201609_02_ControlCharacters\Release\cl.command.1.tlog
D:\users\wingo\teaching\3D_Programming\source_code\3DGame_Ogre_vc_9_v1-7-1_NET2010_Assignments\programs\3DGP_201609_02_ControlCharacters\Release\CL.read.1.tlog
D:\users\wingo\teaching\3D_Programming\source_code\3DGame_Ogre_vc_9_v1-7-1_NET2010_Assignments\programs\3DGP_201609_02_ControlCharacters\Release\CL.write.1.tlog
D:\USERS\WINGO\TEACHING\3D_PROGRAMMING\SOURCE_CODE\3DGAME_OGRE_VC_9_V1-7-1_NET2010_ASSIGNMENTS\PROGRAMS\3DGP_201609_02_CONTROLCHARACTERS\RELEASE\DEMO_HELLO.EXE.INTERMEDIATE.MANIFEST
D:\users\wingo\teaching\3D_Programming\source_code\3DGame_Ogre_vc_9_v1-7-1_NET2010_Assignments\programs\3DGP_201609_02_ControlCharacters\Release\demo_hello.vcxprojResolveAssemblyReference.cache
D:\users\wingo\teaching\3D_Programming\source_code\3DGame_Ogre_vc_9_v1-7-1_NET2010_Assignments\programs\3DGP_201609_02_ControlCharacters\Release\demo_hello.write.1.tlog
D:\users\wingo\teaching\3D_Programming\source_code\3DGame_Ogre_vc_9_v1-7-1_NET2010_Assignments\programs\3DGP_201609_02_ControlCharacters\Release\link.command.1.tlog
D:\users\wingo\teaching\3D_Programming\source_code\3DGame_Ogre_vc_9_v1-7-1_NET2010_Assignments\programs\3DGP_201609_02_ControlCharacters\Release\link.read.1.tlog
D:\users\wingo\teaching\3D_Programming\source_code\3DGame_Ogre_vc_9_v1-7-1_NET2010_Assignments\programs\3DGP_201609_02_ControlCharacters\Release\link.write.1.tlog
D:\users\wingo\teaching\3D_Programming\source_code\3DGame_Ogre_vc_9_v1-7-1_NET2010_Assignments\programs\3DGP_201609_02_ControlCharacters\Release\mt.command.1.tlog
D:\users\wingo\teaching\3D_Programming\source_code\3DGame_Ogre_vc_9_v1-7-1_NET2010_Assignments\programs\3DGP_201609_02_ControlCharacters\Release\mt.read.1.tlog
D:\users\wingo\teaching\3D_Programming\source_code\3DGame_Ogre_vc_9_v1-7-1_NET2010_Assignments\programs\3DGP_201609_02_ControlCharacters\Release\mt.write.1.tlog
D:\USERS\WINGO\TEACHING\3D_PROGRAMMING\SOURCE_CODE\3DGAME_OGRE_VC_9_V1-7-1_NET2010_ASSIGNMENTS\PROGRAMS\3DGP_201609_02_CONTROLCHARACTERS\RELEASE\SELECTION_RECTANGLE.OBJ
D:\USERS\WINGO\TEACHING\3D_PROGRAMMING\SOURCE_CODE\3DGAME_OGRE_VC_9_V1-7-1_NET2010_ASSIGNMENTS\PROGRAMS\3DGP_201609_02_CONTROLCHARACTERS\RELEASE\TUTORIALAPPLICATION.OBJ
D:\USERS\WINGO\TEACHING\3D_PROGRAMMING\SOURCE_CODE\3DGAME_OGRE_VC_9_V1-7-1_NET2010_ASSIGNMENTS\PROGRAMS\3DGP_201609_02_CONTROLCHARACTERS\RELEASE\VC100.PDB
