00:22:16: Creating resource group General
00:22:16: Creating resource group Internal
00:22:16: Creating resource group Autodetect
00:22:16: SceneManagerFactory for type 'DefaultSceneManager' registered.
00:22:16: Registering ResourceManager for type Material
00:22:16: Registering ResourceManager for type Mesh
00:22:16: Registering ResourceManager for type Skeleton
00:22:16: MovableObjectFactory for type 'ParticleSystem' registered.
00:22:16: OverlayElementFactory for type Panel registered.
00:22:16: OverlayElementFactory for type BorderPanel registered.
00:22:16: OverlayElementFactory for type TextArea registered.
00:22:16: Registering ResourceManager for type Font
00:22:16: ArchiveFactory for archive type FileSystem registered.
00:22:16: ArchiveFactory for archive type Zip registered.
00:22:16: DDS codec registering
00:22:16: FreeImage version: 3.13.1
00:22:16: This program uses FreeImage, a free, open source image library supporting all common bitmap formats. See http://freeimage.sourceforge.net for details
00:22:16: Supported formats: bmp,ico,jpg,jif,jpeg,jpe,jng,koa,iff,lbm,mng,pbm,pbm,pcd,pcx,pgm,pgm,png,ppm,ppm,ras,tga,targa,tif,tiff,wap,wbmp,wbm,psd,cut,xbm,xpm,gif,hdr,g3,sgi,exr,j2k,j2c,jp2,pfm,pct,pict,pic,bay,bmq,cr2,crw,cs1,dc2,dcr,dng,erf,fff,hdr,k25,kdc,mdc,mos,mrw,nef,orf,pef,pxn,raf,raw,rdc,sr2,srf,arw,3fr,cine,ia,kc2,mef,nrw,qtk,rw2,sti,drf,dsc,ptx,cap,iiq,rwz
00:22:16: Registering ResourceManager for type HighLevelGpuProgram
00:22:16: Registering ResourceManager for type Compositor
00:22:16: MovableObjectFactory for type 'Entity' registered.
00:22:16: MovableObjectFactory for type 'Light' registered.
00:22:16: MovableObjectFactory for type 'BillboardSet' registered.
00:22:16: MovableObjectFactory for type 'ManualObject' registered.
00:22:16: MovableObjectFactory for type 'BillboardChain' registered.
00:22:16: MovableObjectFactory for type 'RibbonTrail' registered.
00:22:16: Loading library .\RenderSystem_Direct3D9
00:22:16: Installing plugin: D3D9 RenderSystem
00:22:16: D3D9 : Direct3D9 Rendering Subsystem created.
00:22:16: D3D9: Driver Detection Starts
00:22:16: D3D9: Driver Detection Ends
00:22:16: Plugin successfully installed
00:22:16: Loading library .\RenderSystem_GL
00:22:16: Installing plugin: GL RenderSystem
00:22:16: OpenGL Rendering Subsystem created.
00:22:16: Plugin successfully installed
00:22:16: Loading library .\Plugin_ParticleFX
00:22:16: Installing plugin: ParticleFX
00:22:16: Particle Emitter Type 'Point' registered
00:22:16: Particle Emitter Type 'Box' registered
00:22:16: Particle Emitter Type 'Ellipsoid' registered
00:22:16: Particle Emitter Type 'Cylinder' registered
00:22:16: Particle Emitter Type 'Ring' registered
00:22:16: Particle Emitter Type 'HollowEllipsoid' registered
00:22:16: Particle Affector Type 'LinearForce' registered
00:22:16: Particle Affector Type 'ColourFader' registered
00:22:16: Particle Affector Type 'ColourFader2' registered
00:22:16: Particle Affector Type 'ColourImage' registered
00:22:16: Particle Affector Type 'ColourInterpolator' registered
00:22:16: Particle Affector Type 'Scaler' registered
00:22:16: Particle Affector Type 'Rotator' registered
00:22:16: Particle Affector Type 'DirectionRandomiser' registered
00:22:16: Particle Affector Type 'DeflectorPlane' registered
00:22:16: Plugin successfully installed
00:22:16: Loading library .\Plugin_BSPSceneManager
00:22:16: Installing plugin: BSP Scene Manager
00:22:16: Plugin successfully installed
00:22:16: Loading library .\Plugin_CgProgramManager
00:22:16: Installing plugin: Cg Program Manager
00:22:16: Plugin successfully installed
00:22:16: Loading library .\Plugin_PCZSceneManager
00:22:16: Installing plugin: Portal Connected Zone Scene Manager
00:22:16: PCZone Factory Type 'ZoneType_Default' registered
00:22:16: Plugin successfully installed
00:22:16: Loading library .\Plugin_OctreeZone
00:22:16: Installing plugin: Octree Zone Factory
00:22:16: Plugin successfully installed
00:22:16: Loading library .\Plugin_OctreeSceneManager
00:22:16: Installing plugin: Octree & Terrain Scene Manager
00:22:16: Plugin successfully installed
00:22:16: *-*-* OGRE Initialising
00:22:16: *-*-* Version 1.7.1 (Cthugha)
00:22:16: Creating resource group Essential
00:22:16: Added resource location '../../media/thumbnails' of type 'FileSystem' to resource group 'Essential'
00:22:16: Added resource location '../../media/packs/SdkTrays.zip' of type 'Zip' to resource group 'Essential'
00:22:16: Added resource location '../../media' of type 'FileSystem' to resource group 'General'
00:22:16: Creating resource group Popular
00:22:16: Added resource location '../../media/fonts' of type 'FileSystem' to resource group 'Popular'
00:22:16: Added resource location '../../media/materials/programs' of type 'FileSystem' to resource group 'Popular'
00:22:16: Added resource location '../../media/materials/scripts' of type 'FileSystem' to resource group 'Popular'
00:22:16: Added resource location '../../media/materials/textures' of type 'FileSystem' to resource group 'Popular'
00:22:16: Added resource location '../../media/materials/textures/nvidia' of type 'FileSystem' to resource group 'Popular'
00:22:16: Added resource location '../../media/models' of type 'FileSystem' to resource group 'Popular'
00:22:16: Added resource location '../../media/particle' of type 'FileSystem' to resource group 'Popular'
00:22:16: Added resource location '../../media/DeferredShadingMedia' of type 'FileSystem' to resource group 'Popular'
00:22:16: Added resource location '../../media/PCZAppMedia' of type 'FileSystem' to resource group 'Popular'
00:22:16: Added resource location '../../media/RTShaderLib' of type 'FileSystem' to resource group 'Popular'
00:22:16: Added resource location '../../media/RTShaderLib/materials' of type 'FileSystem' to resource group 'Popular'
00:22:16: Added resource location '../../media/packs/cubemap.zip' of type 'Zip' to resource group 'Popular'
00:22:16: Added resource location '../../media/packs/cubemapsJS.zip' of type 'Zip' to resource group 'Popular'
00:22:16: Added resource location '../../media/packs/dragon.zip' of type 'Zip' to resource group 'Popular'
00:22:16: Added resource location '../../media/packs/fresneldemo.zip' of type 'Zip' to resource group 'Popular'
00:22:16: Added resource location '../../media/packs/ogretestmap.zip' of type 'Zip' to resource group 'Popular'
00:22:16: Added resource location '../../media/packs/ogredance.zip' of type 'Zip' to resource group 'Popular'
00:22:16: Added resource location '../../media/packs/Sinbad.zip' of type 'Zip' to resource group 'Popular'
00:22:16: Added resource location '../../media/packs/skybox.zip' of type 'Zip' to resource group 'Popular'
00:22:16: D3D9 : RenderSystem Option: Allow NVPerfHUD = No
00:22:16: D3D9 : RenderSystem Option: FSAA = 0
00:22:16: D3D9 : RenderSystem Option: Floating-point mode = Fastest
00:22:16: D3D9 : RenderSystem Option: Full Screen = Yes
00:22:16: D3D9 : RenderSystem Option: Rendering Device = Monitor-1-NVIDIA GeForce 9600 GT
00:22:16: D3D9 : RenderSystem Option: Resource Creation Policy = Create on all devices
00:22:16: D3D9 : RenderSystem Option: VSync = No
00:22:16: D3D9 : RenderSystem Option: VSync Interval = 1
00:22:16: D3D9 : RenderSystem Option: Video Mode = 800 x 600 @ 32-bit colour
00:22:16: D3D9 : RenderSystem Option: sRGB Gamma Conversion = No
00:22:17: CPU Identifier & Features
00:22:17: -------------------------
00:22:17:  *   CPU ID: GenuineIntel: Intel(R) Core(TM) i9-9900KF CPU @ 3.60GHz
00:22:17:  *      SSE: yes
00:22:17:  *     SSE2: yes
00:22:17:  *     SSE3: yes
00:22:17:  *      MMX: yes
00:22:17:  *   MMXEXT: yes
00:22:17:  *    3DNOW: no
00:22:17:  * 3DNOWEXT: no
00:22:17:  *     CMOV: yes
00:22:17:  *      TSC: yes
00:22:17:  *      FPU: yes
00:22:17:  *      PRO: yes
00:22:17:  *       HT: no
00:22:17: -------------------------
00:22:17: *** Starting Win32GL Subsystem ***
00:22:17: GLRenderSystem::_createRenderWindow "TutorialApplication Render Window", 1024x768 windowed  miscParams: FSAA=0 FSAAHint= colourDepth=32 displayFrequency=0 gamma=false vsync=false vsyncInterval=1 
00:22:17: Created Win32Window 'TutorialApplication Render Window' : 1040x807, 32bpp
00:22:17: GL_VERSION = 4.6.0 NVIDIA 451.67
00:22:17: GL_VENDOR = NVIDIA Corporation
00:22:17: GL_RENDERER = GeForce GTX 1080/PCIe/SSE2
00:22:17: GL_EXTENSIONS = GL_AMD_multi_draw_indirect GL_AMD_seamless_cubemap_per_texture GL_AMD_vertex_shader_viewport_index GL_AMD_vertex_shader_layer GL_ARB_arrays_of_arrays GL_ARB_base_instance GL_ARB_bindless_texture GL_ARB_blend_func_extended GL_ARB_buffer_storage GL_ARB_clear_buffer_object GL_ARB_clear_texture GL_ARB_clip_control GL_ARB_color_buffer_float GL_ARB_compatibility GL_ARB_compressed_texture_pixel_storage GL_ARB_conservative_depth GL_ARB_compute_shader GL_ARB_compute_variable_group_size GL_ARB_conditional_render_inverted GL_ARB_copy_buffer GL_ARB_copy_image GL_ARB_cull_distance GL_ARB_debug_output GL_ARB_depth_buffer_float GL_ARB_depth_clamp GL_ARB_depth_texture GL_ARB_derivative_control GL_ARB_direct_state_access GL_ARB_draw_buffers GL_ARB_draw_buffers_blend GL_ARB_draw_indirect GL_ARB_draw_elements_base_vertex GL_ARB_draw_instanced GL_ARB_enhanced_layouts GL_ARB_ES2_compatibility GL_ARB_ES3_compatibility GL_ARB_ES3_1_compatibility GL_ARB_ES3_2_compatibility GL_ARB_explicit_attrib_location GL_ARB_explicit_uniform_location GL_ARB_fragment_coord_conventions GL_ARB_fragment_layer_viewport GL_ARB_fragment_program GL_ARB_fragment_program_shadow GL_ARB_fragment_shader GL_ARB_fragment_shader_interlock GL_ARB_framebuffer_no_attachments GL_ARB_framebuffer_object GL_ARB_framebuffer_sRGB GL_ARB_geometry_shader4 GL_ARB_get_program_binary GL_ARB_get_texture_sub_image GL_ARB_gl_spirv GL_ARB_gpu_shader5 GL_ARB_gpu_shader_fp64 GL_ARB_gpu_shader_int64 GL_ARB_half_float_pixel GL_ARB_half_float_vertex GL_ARB_imaging GL_ARB_indirect_parameters GL_ARB_instanced_arrays GL_ARB_internalformat_query GL_ARB_internalformat_query2 GL_ARB_invalidate_subdata GL_ARB_map_buffer_alignment GL_ARB_map_buffer_range GL_ARB_multi_bind GL_ARB_multi_draw_indirect GL_ARB_multisample GL_ARB_multitexture GL_ARB_occlusion_query GL_ARB_occlusion_query2 GL_ARB_parallel_shader_compile GL_ARB_pipeline_statistics_query GL_ARB_pixel_buffer_object GL_ARB_point_parameters GL_ARB_point_sprite GL_ARB_polygon_offset_clamp GL_ARB_post_depth_coverage GL_ARB_program_interface_query GL_ARB_provoking_vertex GL_ARB_query_buffer_object GL_ARB_robust_buffer_access_behavior GL_ARB_robustness GL_ARB_sample_locations GL_ARB_sample_shading GL_ARB_sampler_objects GL_ARB_seamless_cube_map GL_ARB_seamless_cubemap_per_texture GL_ARB_separate_shader_objects GL_ARB_shader_atomic_counter_ops GL_ARB_shader_atomic_counters GL_ARB_shader_ballot GL_ARB_shader_bit_encoding GL_ARB_shader_clock GL_ARB_shader_draw_parameters GL_ARB_shader_group_vote GL_ARB_shader_image_load_store GL_ARB_shader_image_size GL_ARB_shader_objects GL_ARB_shader_precision GL_ARB_shader_storage_buffer_object GL_ARB_shader_subroutine GL_ARB_shader_texture_image_samples GL_ARB_shader_texture_lod GL_ARB_shading_language_100 GL_ARB_shader_viewport_layer_array GL_ARB_shading_language_420pack GL_ARB_shading_language_include GL_ARB_shading_language_packing GL_ARB_shadow GL_ARB_sparse_buffer GL_ARB_sparse_texture GL_ARB_sparse_texture2 GL_ARB_sparse_texture_clamp GL_ARB_spirv_extensions GL_ARB_stencil_texturing GL_ARB_sync GL_ARB_tessellation_shader GL_ARB_texture_barrier GL_ARB_texture_border_clamp GL_ARB_texture_buffer_object GL_ARB_texture_buffer_object_rgb32 GL_ARB_texture_buffer_range GL_ARB_texture_compression GL_ARB_texture_compression_bptc GL_ARB_texture_compression_rgtc GL_ARB_texture_cube_map GL_ARB_texture_cube_map_array GL_ARB_texture_env_add GL_ARB_texture_env_combine GL_ARB_texture_env_crossbar GL_ARB_texture_env_dot3 GL_ARB_texture_filter_anisotropic GL_ARB_texture_filter_minmax GL_ARB_texture_float GL_ARB_texture_gather GL_ARB_texture_mirror_clamp_to_edge GL_ARB_texture_mirrored_repeat GL_ARB_texture_multisample GL_ARB_texture_non_power_of_two GL_ARB_texture_query_levels GL_ARB_texture_query_lod GL_ARB_texture_rectangle GL_ARB_texture_rg GL_ARB_texture_rgb10_a2ui GL_ARB_texture_stencil8 GL_ARB_texture_storage GL_ARB_texture_storage_multisample GL_ARB_texture_swizzle GL_ARB_texture_view GL_ARB_timer_query GL_ARB_transform_feedback2 GL_ARB_transform_feedback3 GL_ARB_transform_feedback_instanced GL_ARB_transform_feedback_overflow_query GL_ARB_transpose_matrix GL_ARB_uniform_buffer_object GL_ARB_vertex_array_bgra GL_ARB_vertex_array_object GL_ARB_vertex_attrib_64bit GL_ARB_vertex_attrib_binding GL_ARB_vertex_buffer_object GL_ARB_vertex_program GL_ARB_vertex_shader GL_ARB_vertex_type_10f_11f_11f_rev GL_ARB_vertex_type_2_10_10_10_rev GL_ARB_viewport_array GL_ARB_window_pos GL_ATI_draw_buffers GL_ATI_texture_float GL_ATI_texture_mirror_once GL_S3_s3tc GL_EXT_texture_env_add GL_EXT_abgr GL_EXT_bgra GL_EXT_bindable_uniform GL_EXT_blend_color GL_EXT_blend_equation_separate GL_EXT_blend_func_separate GL_EXT_blend_minmax GL_EXT_blend_subtract GL_EXT_compiled_vertex_array GL_EXT_Cg_shader GL_EXT_depth_bounds_test GL_EXT_direct_state_access GL_EXT_draw_buffers2 GL_EXT_draw_instanced GL_EXT_draw_range_elements GL_EXT_fog_coord GL_EXT_framebuffer_blit GL_EXT_framebuffer_multisample GL_EXTX_framebuffer_mixed_formats GL_EXT_framebuffer_multisample_blit_scaled GL_EXT_framebuffer_object GL_EXT_framebuffer_sRGB GL_EXT_geometry_shader4 GL_EXT_gpu_program_parameters GL_EXT_gpu_shader4 GL_EXT_multi_draw_arrays GL_EXT_multiview_texture_multisample GL_EXT_multiview_timer_query GL_EXT_packed_depth_stencil GL_EXT_packed_float GL_EXT_packed_pixels GL_EXT_pixel_buffer_object GL_EXT_point_parameters GL_EXT_polygon_offset_clamp GL_EXT_post_depth_coverage GL_EXT_provoking_vertex GL_EXT_raster_multisample GL_EXT_rescale_normal GL_EXT_secondary_color GL_EXT_separate_shader_objects GL_EXT_separate_specular_color GL_EXT_shader_image_load_formatted GL_EXT_shader_image_load_store GL_EXT_shader_integer_mix GL_EXT_shadow_funcs GL_EXT_sparse_texture2 GL_EXT_stencil_two_side GL_EXT_stencil_wrap GL_EXT_texture3D GL_EXT_texture_array GL_EXT_texture_buffer_object GL_EXT_texture_compression_dxt1 GL_EXT_texture_compression_latc GL_EXT_texture_compression_rgtc GL_EXT_texture_compression_s3tc GL_EXT_texture_cube_map GL_EXT_texture_edge_clamp GL_EXT_texture_env_combine GL_EXT_texture_env_dot3 GL_EXT_texture_filter_anisotropic GL_EXT_texture_filter_minmax GL_EXT_texture_integer GL_EXT_texture_lod GL_EXT_texture_lod_bias GL_EXT_texture_mirror_clamp GL_EXT_texture_object GL_EXT_texture_shadow_lod GL_EXT_texture_shared_exponent GL_EXT_texture_sRGB GL_EXT_texture_sRGB_R8 GL_EXT_texture_sRGB_decode GL_EXT_texture_storage GL_EXT_texture_swizzle GL_EXT_timer_query GL_EXT_transform_feedback2 GL_EXT_vertex_array GL_EXT_vertex_array_bgra GL_EXT_vertex_attrib_64bit GL_EXT_window_rectangles GL_EXT_import_sync_object GL_IBM_rasterpos_clip GL_IBM_texture_mirrored_repeat GL_KHR_context_flush_control GL_KHR_debug GL_EXT_memory_object GL_EXT_memory_object_win32 GL_EXT_win32_keyed_mutex GL_KHR_parallel_shader_compile GL_KHR_no_error GL_KHR_robust_buffer_access_behavior GL_KHR_robustness GL_EXT_semaphore GL_EXT_semaphore_win32 GL_KHR_shader_subgroup GL_KTX_buffer_region GL_NV_alpha_to_coverage_dither_control GL_NV_bindless_multi_draw_indirect GL_NV_bindless_multi_draw_indirect_count GL_NV_bindless_texture GL_NV_blend_equation_advanced GL_NV_blend_equation_advanced_coherent GL_NVX_blend_equation_advanced_multi_draw_buffers GL_NV_blend_minmax_factor GL_NV_blend_square GL_NV_clip_space_w_scaling GL_NV_command_list GL_NV_compute_program5 GL_NV_conditional_render GL_NV_conservative_raster GL_NV_conservative_raster_dilate GL_NV_conservative_raster_pre_snap_triangles GL_NV_copy_depth_to_color GL_NV_copy_image GL_NV_depth_buffer_float GL_NV_depth_clamp GL_NV_draw_texture GL_NV_draw_vulkan_image GL_NV_ES1_1_compatibility GL_NV_ES3_1_compatibility GL_NV_explicit_multisample GL_NV_feature_query GL_NV_fence GL_NV_fill_rectangle GL_NV_float_buffer GL_NV_fog_distance GL_NV_fragment_coverage_to_color GL_NV_fragment_program GL_NV_fragment_program_option GL_NV_fragment_program2 GL_NV_fragment_shader_interlock GL_NV_framebuffer_mixed_samples GL_NV_framebuffer_multisample_coverage GL_NV_geometry_shader4 GL_NV_geometry_shader_passthrough GL_NV_gpu_program4 GL_NV_internalformat_sample_query GL_NV_gpu_program4_1 GL_NV_gpu_program5 GL_NV_gpu_program5_mem_extended GL_NV_gpu_program_fp64 GL_NV_gpu_shader5 GL_NV_half_float GL_NV_light_max_exponent GL_NV_memory_attachment GL_NV_multisample_coverage GL_NV_multisample_filter_hint GL_NV_occlusion_query GL_NV_packed_depth_stencil GL_NV_parameter_buffer_object GL_NV_parameter_buffer_object2 GL_NV_path_rendering GL_NV_path_rendering_shared_edge GL_NV_pixel_data_range GL_NV_point_sprite GL_NV_primitive_restart GL_NV_query_resource GL_NV_query_resource_tag GL_NV_register_combiners GL_NV_register_combiners2 GL_NV_sample_locations GL_NV_sample_mask_override_coverage GL_NV_shader_atomic_counters GL_NV_shader_atomic_float GL_NV_shader_atomic_float64 GL_NV_shader_atomic_fp16_vector GL_NV_shader_atomic_int64 GL_NV_shader_buffer_load GL_NV_shader_storage_buffer_object GL_NV_shader_subgroup_partitioned GL_NV_stereo_view_rendering GL_NV_texgen_reflection GL_NV_texture_barrier GL_NV_texture_compression_vtc GL_NV_texture_env_combine4 GL_NV_texture_multisample GL_NV_texture_rectangle GL_NV_texture_rectangle_compressed GL_NV_texture_shader GL_NV_texture_shader2 GL_NV_texture_shader3 GL_NV_transform_feedback GL_NV_transform_feedback2 GL_NV_uniform_buffer_unified_memory GL_NV_vertex_array_range GL_NV_vertex_array_range2 GL_NV_vertex_attrib_integer_64bit GL_NV_vertex_buffer_unified_memory GL_NV_vertex_program GL_NV_vertex_program1_1 GL_NV_vertex_program2 GL_NV_vertex_program2_option GL_NV_vertex_program3 GL_NV_viewport_array2 GL_NV_viewport_swizzle GL_NVX_conditional_render GL_NVX_linked_gpu_multicast GL_NV_gpu_multicast GL_NVX_gpu_multicast2 GL_NVX_progress_fence GL_NVX_gpu_memory_info GL_NVX_multigpu_info GL_NVX_nvenc_interop GL_NV_shader_thread_group GL_NV_shader_thread_shuffle GL_KHR_blend_equation_advanced GL_KHR_blend_equation_advanced_coherent GL_OVR_multiview GL_OVR_multiview2 GL_SGIS_generate_mipmap GL_SGIS_texture_lod GL_SGIX_depth_texture GL_SGIX_shadow GL_SUN_slice_accum GL_WIN_swap_hint WGL_EXT_swap_control 
00:22:17: Supported WGL extensions: WGL_ARB_buffer_region WGL_ARB_create_context WGL_ARB_create_context_no_error WGL_ARB_create_context_profile WGL_ARB_create_context_robustness WGL_ARB_context_flush_control WGL_ARB_extensions_string WGL_ARB_make_current_read WGL_ARB_multisample WGL_ARB_pbuffer WGL_ARB_pixel_format WGL_ARB_pixel_format_float WGL_ARB_render_texture WGL_ATI_pixel_format_float WGL_EXT_colorspace WGL_EXT_create_context_es_profile WGL_EXT_create_context_es2_profile WGL_EXT_extensions_string WGL_EXT_framebuffer_sRGB WGL_EXT_pixel_format_packed_float WGL_EXT_swap_control WGL_EXT_swap_control_tear WGL_NVX_DX_interop WGL_NV_DX_interop WGL_NV_DX_interop2 WGL_NV_copy_image WGL_NV_delay_before_swap WGL_NV_float_buffer WGL_NV_multisample_coverage WGL_NV_multigpu_context WGL_NV_render_depth_texture WGL_NV_render_texture_rectangle 
00:22:17: ***************************
00:22:17: *** GL Renderer Started ***
00:22:17: ***************************
00:22:17: Registering ResourceManager for type GpuProgram
00:22:17: GLSL support detected
00:22:17: GL: Using GL_EXT_framebuffer_object for rendering to textures (best)
00:22:18: FBO PF_UNKNOWN depth/stencil support: D0S8 D16S0 D24S0 D32S0 Packed-D24S8 
00:22:18: FBO PF_L8 depth/stencil support: D0S0 D0S8 D16S0 D24S0 D32S0 Packed-D24S8 
00:22:18: FBO PF_A8 depth/stencil support: D0S0 D0S8 D16S0 D24S0 D32S0 Packed-D24S8 
00:22:18: FBO PF_A4L4 depth/stencil support: D0S0 D0S8 D16S0 D24S0 D32S0 Packed-D24S8 
00:22:18: FBO PF_BYTE_LA depth/stencil support: D0S0 D0S8 D16S0 D24S0 D32S0 Packed-D24S8 
00:22:18: FBO PF_R5G6B5 depth/stencil support: D0S0 D0S8 D16S0 D24S0 D32S0 Packed-D24S8 
00:22:18: FBO PF_B5G6R5 depth/stencil support: D0S0 D0S8 D16S0 D24S0 D32S0 Packed-D24S8 
00:22:18: FBO PF_A4R4G4B4 depth/stencil support: D0S0 D0S8 D16S0 D24S0 D32S0 Packed-D24S8 
00:22:18: FBO PF_A1R5G5B5 depth/stencil support: D0S0 D0S8 D16S0 D24S0 D32S0 Packed-D24S8 
00:22:18: FBO PF_R8G8B8 depth/stencil support: D0S0 D0S8 D16S0 D24S0 D32S0 Packed-D24S8 
00:22:18: FBO PF_B8G8R8 depth/stencil support: D0S0 D0S8 D16S0 D24S0 D32S0 Packed-D24S8 
00:22:18: FBO PF_A8R8G8B8 depth/stencil support: D0S0 D0S8 D16S0 D24S0 D32S0 Packed-D24S8 
00:22:18: FBO PF_B8G8R8A8 depth/stencil support: D0S0 D0S8 D16S0 D24S0 D32S0 Packed-D24S8 
00:22:18: FBO PF_A2R10G10B10 depth/stencil support: D0S0 D0S8 D16S0 D24S0 D32S0 Packed-D24S8 
00:22:18: FBO PF_A2B10G10R10 depth/stencil support: D0S0 D0S8 D16S0 D24S0 D32S0 Packed-D24S8 
00:22:18: FBO PF_FLOAT16_RGB depth/stencil support: D0S0 D0S8 D16S0 D24S0 D32S0 Packed-D24S8 
00:22:18: FBO PF_FLOAT16_RGBA depth/stencil support: D0S0 D0S8 D16S0 D24S0 D32S0 Packed-D24S8 
00:22:18: FBO PF_FLOAT32_RGB depth/stencil support: D0S0 D0S8 D16S0 D24S0 D32S0 Packed-D24S8 
00:22:18: FBO PF_FLOAT32_RGBA depth/stencil support: D0S0 D0S8 D16S0 D24S0 D32S0 Packed-D24S8 
00:22:18: FBO PF_X8R8G8B8 depth/stencil support: D0S0 D0S8 D16S0 D24S0 D32S0 Packed-D24S8 
00:22:18: FBO PF_X8B8G8R8 depth/stencil support: D0S0 D0S8 D16S0 D24S0 D32S0 Packed-D24S8 
00:22:18: FBO PF_SHORT_RGBA depth/stencil support: D0S0 D0S8 D16S0 D24S0 D32S0 Packed-D24S8 
00:22:18: FBO PF_R3G3B2 depth/stencil support: D0S0 D0S8 D16S0 D24S0 D32S0 Packed-D24S8 
00:22:18: FBO PF_FLOAT16_R depth/stencil support: D0S0 D0S8 D16S0 D24S0 D32S0 Packed-D24S8 
00:22:18: FBO PF_FLOAT32_R depth/stencil support: D0S0 D0S8 D16S0 D24S0 D32S0 Packed-D24S8 
00:22:18: FBO PF_FLOAT16_GR depth/stencil support: D0S0 D0S8 D16S0 D24S0 D32S0 Packed-D24S8 
00:22:18: FBO PF_FLOAT32_GR depth/stencil support: D0S0 D0S8 D16S0 D24S0 D32S0 Packed-D24S8 
00:22:18: FBO PF_SHORT_RGB depth/stencil support: D0S0 D0S8 D16S0 D24S0 D32S0 Packed-D24S8 
00:22:18: [GL] : Valid FBO targets PF_UNKNOWN PF_L8 PF_A8 PF_A4L4 PF_BYTE_LA PF_R5G6B5 PF_B5G6R5 PF_A4R4G4B4 PF_A1R5G5B5 PF_R8G8B8 PF_B8G8R8 PF_A8R8G8B8 PF_B8G8R8A8 PF_A2R10G10B10 PF_A2B10G10R10 PF_FLOAT16_RGB PF_FLOAT16_RGBA PF_FLOAT32_RGB PF_FLOAT32_RGBA PF_X8R8G8B8 PF_X8B8G8R8 PF_SHORT_RGBA PF_R3G3B2 PF_FLOAT16_R PF_FLOAT32_R PF_FLOAT16_GR PF_FLOAT32_GR PF_SHORT_RGB 
00:22:18: RenderSystem capabilities
00:22:18: -------------------------
00:22:18: RenderSystem Name: OpenGL Rendering Subsystem
00:22:18: GPU Vendor: nvidia
00:22:18: Device Name: GeForce GTX 1080/PCIe/SSE2
00:22:18: Driver Version: 4.6.0.0
00:22:18:  * Fixed function pipeline: yes
00:22:18:  * Hardware generation of mipmaps: yes
00:22:18:  * Texture blending: yes
00:22:18:  * Anisotropic texture filtering: yes
00:22:18:  * Dot product texture operation: yes
00:22:18:  * Cube mapping: yes
00:22:18:  * Hardware stencil buffer: yes
00:22:18:    - Stencil depth: 8
00:22:18:    - Two sided stencil support: yes
00:22:18:    - Wrap stencil values: yes
00:22:18:  * Hardware vertex / index buffers: yes
00:22:18:  * Vertex programs: yes
00:22:18:  * Number of floating-point constants for vertex programs: 1024
00:22:18:  * Number of integer constants for vertex programs: 0
00:22:18:  * Number of boolean constants for vertex programs: 0
00:22:18:  * Fragment programs: yes
00:22:18:  * Number of floating-point constants for fragment programs: 1024
00:22:18:  * Number of integer constants for fragment programs: 0
00:22:18:  * Number of boolean constants for fragment programs: 0
00:22:18:  * Geometry programs: yes
00:22:18:  * Number of floating-point constants for geometry programs: 512
00:22:18:  * Number of integer constants for geometry programs: 0
00:22:18:  * Number of boolean constants for geometry programs: 0
00:22:18:  * Supported Shader Profiles: arbfp1 arbvp1 fp20 fp30 fp40 glsl gp4gp gpu_gp nvgp4 vp30 vp40
00:22:18:  * Texture Compression: yes
00:22:18:    - DXT: yes
00:22:18:    - VTC: yes
00:22:18:    - PVRTC: no
00:22:18:  * Scissor Rectangle: yes
00:22:18:  * Hardware Occlusion Query: yes
00:22:18:  * User clip planes: yes
00:22:18:  * VET_UBYTE4 vertex element type: yes
00:22:18:  * Infinite far plane projection: yes
00:22:18:  * Hardware render-to-texture: yes
00:22:18:  * Floating point textures: yes
00:22:18:  * Non-power-of-two textures: yes
00:22:18:  * Volume textures: yes
00:22:18:  * Multiple Render Targets: 8
00:22:18:    - With different bit depths: yes
00:22:18:  * Point Sprites: yes
00:22:18:  * Extended point parameters: yes
00:22:18:  * Max Point Size: 2047
00:22:18:  * Vertex texture fetch: yes
00:22:18:  * Number of world matrices: 0
00:22:18:  * Number of texture units: 32
00:22:18:  * Stencil buffer depth: 8
00:22:18:  * Number of vertex blend matrices: 0
00:22:18:    - Max vertex textures: 32
00:22:18:    - Vertex textures shared: yes
00:22:18:  * Render to Vertex Buffer : yes
00:22:18:  * GL 1.5 without VBO workaround: no
00:22:18:  * Frame Buffer objects: yes
00:22:18:  * Frame Buffer objects (ARB extension): no
00:22:18:  * Frame Buffer objects (ATI extension): no
00:22:18:  * PBuffer support: no
00:22:18:  * GL 1.5 without HW-occlusion workaround: no
00:22:18: Registering ResourceManager for type Texture
00:22:18: DefaultWorkQueue('Root') initialising on thread 010267E0.
00:22:18: DefaultWorkQueue('Root')::WorkerFunc - thread 04FD6F70 starting.
00:22:18: DefaultWorkQueue('Root')::WorkerFunc - thread 04FD6DF0 starting.
00:22:18: DefaultWorkQueue('Root')::WorkerFunc - thread 04FD6FA0 starting.
00:22:18: Particle Renderer Type 'billboard' registered
00:22:18: DefaultWorkQueue('Root')::WorkerFunc - thread 04FD7060 starting.
00:22:18: DefaultWorkQueue('Root')::WorkerFunc - thread 04FD6FD0 starting.
00:22:18: DefaultWorkQueue('Root')::WorkerFunc - thread 04FD7000 starting.
00:22:18: DefaultWorkQueue('Root')::WorkerFunc - thread 04FD7030 starting.
00:22:18: DefaultWorkQueue('Root')::WorkerFunc - thread 04FD7090 starting.
00:22:18: DefaultWorkQueue('Root')::WorkerFunc - thread 04FD7120 starting.
00:22:18: DefaultWorkQueue('Root')::WorkerFunc - thread 04FD6D30 starting.
00:22:18: DefaultWorkQueue('Root')::WorkerFunc - thread 04FD6C10 starting.
00:22:18: DefaultWorkQueue('Root')::WorkerFunc - thread 04FD6BE0 starting.
00:22:18: DefaultWorkQueue('Root')::WorkerFunc - thread 04FD6C70 starting.
00:22:18: DefaultWorkQueue('Root')::WorkerFunc - thread 04FD7210 starting.
00:22:18: DefaultWorkQueue('Root')::WorkerFunc - thread 04FD7420 starting.
00:22:18: DefaultWorkQueue('Root')::WorkerFunc - thread 04FD72D0 starting.
00:22:18: SceneManagerFactory for type 'BspSceneManager' registered.
00:22:18: Registering ResourceManager for type BspLevel
00:22:18: SceneManagerFactory for type 'PCZSceneManager' registered.
00:22:18: MovableObjectFactory for type 'PCZLight' registered.
00:22:18: MovableObjectFactory for type 'Portal' registered.
00:22:18: MovableObjectFactory for type 'AntiPortal' registered.
00:22:18: PCZone Factory Type 'ZoneType_Octree' registered
00:22:18: PCZone Factory Type 'ZoneType_Terrain' registered
00:22:18: SceneManagerFactory for type 'OctreeSceneManager' registered.
00:22:18: SceneManagerFactory for type 'TerrainSceneManager' registered.
00:22:18: Parsing scripts for resource group Autodetect
00:22:18: Finished parsing scripts for resource group Autodetect
00:22:18: Parsing scripts for resource group Essential
00:22:18: Parsing script SdkTrays.material
00:22:18: Parsing script SdkTrays.fontdef
00:22:18: Parsing script SdkTrays.overlay
00:22:18: Bad element attribute line: '# you can offset the image to change the cursor "hotspot"' for element SdkTrays/Cursor in overlay 
00:22:18: Texture: sdk_cursor.png: Loading 1 faces(PF_A8R8G8B8,32x32x1) with 5 generated mipmaps from Image. Internal format is PF_A8R8G8B8,32x32x1.
00:22:18: Texture: sdk_tray.png: Loading 1 faces(PF_A8R8G8B8,64x64x1) with 5 generated mipmaps from Image. Internal format is PF_A8R8G8B8,64x64x1.
00:22:18: Texture: sdk_button_up.png: Loading 1 faces(PF_A8R8G8B8,128x32x1) with 5 generated mipmaps from Image. Internal format is PF_A8R8G8B8,128x32x1.
00:22:18: Texture: sdk_text_box.png: Loading 1 faces(PF_A8R8G8B8,32x32x1) with 5 generated mipmaps from Image. Internal format is PF_A8R8G8B8,32x32x1.
00:22:18: Texture: sdk_mini_tray.png: Loading 1 faces(PF_A8R8G8B8,32x32x1) with 5 generated mipmaps from Image. Internal format is PF_A8R8G8B8,32x32x1.
00:22:18: Texture: sdk_track.png: Loading 1 faces(PF_A8R8G8B8,16x32x1) with 5 generated mipmaps from Image. Internal format is PF_A8R8G8B8,16x32x1.
00:22:18: Texture: sdk_handle.png: Loading 1 faces(PF_A8R8G8B8,16x16x1) with 4 generated mipmaps from Image. Internal format is PF_A8R8G8B8,16x16x1.
00:22:18: Texture: sdk_mini_text_box.png: Loading 1 faces(PF_A8R8G8B8,32x32x1) with 5 generated mipmaps from Image. Internal format is PF_A8R8G8B8,32x32x1.
00:22:18: Texture: sdk_label.png: Loading 1 faces(PF_A8R8G8B8,32x32x1) with 5 generated mipmaps from Image. Internal format is PF_A8R8G8B8,32x32x1.
00:22:18: Texture: sdk_separator.png: Loading 1 faces(PF_A8R8G8B8,64x16x1) with 5 generated mipmaps from Image. Internal format is PF_A8R8G8B8,64x16x1.
00:22:18: Texture: sdk_logo.png: Loading 1 faces(PF_A8R8G8B8,128x64x1) with 5 generated mipmaps from Image. Internal format is PF_A8R8G8B8,128x64x1.
00:22:18: Texture: sdk_shade.png: Loading 1 faces(PF_A8R8G8B8,64x48x1) with 5 generated mipmaps from Image. Internal format is PF_A8R8G8B8,64x48x1.
00:22:18: Texture: sdk_frame.png: Loading 1 faces(PF_A8R8G8B8,32x32x1) with 5 generated mipmaps from Image. Internal format is PF_A8R8G8B8,32x32x1.
00:22:18: Texture: sdk_mini_text_box_over.png: Loading 1 faces(PF_A8R8G8B8,32x32x1) with 5 generated mipmaps from Image. Internal format is PF_A8R8G8B8,32x32x1.
00:22:18: Texture: sdk_pulse.png: Loading 1 faces(PF_R8G8B8,8x1x1) with 3 generated mipmaps from Image. Internal format is PF_X8R8G8B8,8x1x1.
00:22:18: Finished parsing scripts for resource group Essential
00:22:18: Parsing scripts for resource group General
00:22:18: Finished parsing scripts for resource group General
00:22:18: Parsing scripts for resource group Internal
00:22:18: Finished parsing scripts for resource group Internal
00:22:18: Parsing scripts for resource group Popular
00:22:18: Parsing script Examples.program
00:22:18: OGRE EXCEPTION(6:FileNotFoundException): Cannot open file: skinningTwoWeightsVp.glsl in FileSystemArchive::open at ..\..\..\..\OgreMain\src\OgreFileSystem.cpp (line 251)
00:22:18: High-level program Ogre/HardwareSkinningTwoWeightsGLSL encountered an error during loading and is thus not supported.
OGRE EXCEPTION(6:FileNotFoundException): Cannot open file: skinningTwoWeightsVp.glsl in FileSystemArchive::open at ..\..\..\..\OgreMain\src\OgreFileSystem.cpp (line 251)
00:22:18: OGRE EXCEPTION(2:InvalidParametersException): Named constants have not been initialised, perhaps a compile error. in GpuProgramParameters::_findNamedConstantDefinition at ..\..\..\..\OgreMain\src\OgreGpuProgramParams.cpp (line 1423)
00:22:18: Compiler error: invalid parameters in Examples.program(124): setting of constant failed
00:22:18: OGRE EXCEPTION(2:InvalidParametersException): Named constants have not been initialised, perhaps a compile error. in GpuProgramParameters::_findNamedConstantDefinition at ..\..\..\..\OgreMain\src\OgreGpuProgramParams.cpp (line 1423)
00:22:18: Compiler error: invalid parameters in Examples.program(125): setting of constant failed
00:22:18: OGRE EXCEPTION(2:InvalidParametersException): Named constants have not been initialised, perhaps a compile error. in GpuProgramParameters::_findNamedConstantDefinition at ..\..\..\..\OgreMain\src\OgreGpuProgramParams.cpp (line 1423)
00:22:18: Compiler error: invalid parameters in Examples.program(126): setting of constant failed
00:22:18: OGRE EXCEPTION(2:InvalidParametersException): Named constants have not been initialised, perhaps a compile error. in GpuProgramParameters::_findNamedConstantDefinition at ..\..\..\..\OgreMain\src\OgreGpuProgramParams.cpp (line 1423)
00:22:18: Compiler error: invalid parameters in Examples.program(127): setting of constant failed
00:22:18: OGRE EXCEPTION(2:InvalidParametersException): Named constants have not been initialised, perhaps a compile error. in GpuProgramParameters::_findNamedConstantDefinition at ..\..\..\..\OgreMain\src\OgreGpuProgramParams.cpp (line 1423)
00:22:18: Compiler error: invalid parameters in Examples.program(128): setting of constant failed
00:22:18: OGRE EXCEPTION(2:InvalidParametersException): Named constants have not been initialised, perhaps a compile error. in GpuProgramParameters::_findNamedConstantDefinition at ..\..\..\..\OgreMain\src\OgreGpuProgramParams.cpp (line 1423)
00:22:18: Compiler error: invalid parameters in Examples.program(129): setting of constant failed
00:22:18: OGRE EXCEPTION(2:InvalidParametersException): Named constants have not been initialised, perhaps a compile error. in GpuProgramParameters::_findNamedConstantDefinition at ..\..\..\..\OgreMain\src\OgreGpuProgramParams.cpp (line 1423)
00:22:18: Compiler error: invalid parameters in Examples.program(130): setting of constant failed
00:22:18: Parsing script StdQuad_vp.program
00:22:18: Parsing script deferred_post.program
00:22:18: OGRE EXCEPTION(6:FileNotFoundException): Cannot locate resource DeferredShading/post/Ambient_ps.cg in resource group Popular or any other group. in ResourceGroupManager::openResource at ..\..\..\..\OgreMain\src\OgreResourceGroupManager.cpp (line 753)
00:22:18: High-level program DeferredShading/post/Ambient_ps encountered an error during loading and is thus not supported.
OGRE EXCEPTION(6:FileNotFoundException): Cannot locate resource DeferredShading/post/Ambient_ps.cg in resource group Popular or any other group. in ResourceGroupManager::openResource at ..\..\..\..\OgreMain\src\OgreResourceGroupManager.cpp (line 753)
00:22:18: OGRE EXCEPTION(2:InvalidParametersException): Named constants have not been initialised, perhaps a compile error. in GpuProgramParameters::_findNamedConstantDefinition at ..\..\..\..\OgreMain\src\OgreGpuProgramParams.cpp (line 1423)
00:22:18: Compiler error: invalid parameters in deferred_post.program(9): setting of constant failed
00:22:18: OGRE EXCEPTION(2:InvalidParametersException): Named constants have not been initialised, perhaps a compile error. in GpuProgramParameters::_findNamedConstantDefinition at ..\..\..\..\OgreMain\src\OgreGpuProgramParams.cpp (line 1423)
00:22:18: Compiler error: invalid parameters in deferred_post.program(10): setting of constant failed
00:22:18: OGRE EXCEPTION(2:InvalidParametersException): Named constants have not been initialised, perhaps a compile error. in GpuProgramParameters::_findNamedConstantDefinition at ..\..\..\..\OgreMain\src\OgreGpuProgramParams.cpp (line 1423)
00:22:18: Compiler error: invalid parameters in deferred_post.program(11): setting of constant failed
00:22:18: OGRE EXCEPTION(6:FileNotFoundException): Cannot locate resource DeferredShading/post/LightMaterial_vs.cg in resource group Popular or any other group. in ResourceGroupManager::openResource at ..\..\..\..\OgreMain\src\OgreResourceGroupManager.cpp (line 753)
00:22:18: High-level program DeferredShading/post/LightMaterial_vs encountered an error during loading and is thus not supported.
OGRE EXCEPTION(6:FileNotFoundException): Cannot locate resource DeferredShading/post/LightMaterial_vs.cg in resource group Popular or any other group. in ResourceGroupManager::openResource at ..\..\..\..\OgreMain\src\OgreResourceGroupManager.cpp (line 753)
00:22:18: OGRE EXCEPTION(2:InvalidParametersException): Named constants have not been initialised, perhaps a compile error. in GpuProgramParameters::_findNamedConstantDefinition at ..\..\..\..\OgreMain\src\OgreGpuProgramParams.cpp (line 1423)
00:22:18: Compiler error: invalid parameters in deferred_post.program(64): setting of constant failed
00:22:18: OGRE EXCEPTION(6:FileNotFoundException): Cannot locate resource DeferredShading/post/Ambient_ps.cg in resource group Popular or any other group. in ResourceGroupManager::openResource at ..\..\..\..\OgreMain\src\OgreResourceGroupManager.cpp (line 753)
00:22:18: High-level program DeferredShading/post/Ambient_ps encountered an error during loading and is thus not supported.
OGRE EXCEPTION(6:FileNotFoundException): Cannot locate resource DeferredShading/post/Ambient_ps.cg in resource group Popular or any other group. in ResourceGroupManager::openResource at ..\..\..\..\OgreMain\src\OgreResourceGroupManager.cpp (line 753)
00:22:18: OGRE EXCEPTION(2:InvalidParametersException): Named constants have not been initialised, perhaps a compile error. in GpuProgramParameters::_findNamedConstantDefinition at ..\..\..\..\OgreMain\src\OgreGpuProgramParams.cpp (line 1423)
00:22:18: Compiler error: invalid parameters in deferred_post.program(80): setting of constant failed
00:22:18: OGRE EXCEPTION(2:InvalidParametersException): Named constants have not been initialised, perhaps a compile error. in GpuProgramParameters::_findNamedConstantDefinition at ..\..\..\..\OgreMain\src\OgreGpuProgramParams.cpp (line 1423)
00:22:18: Compiler error: invalid parameters in deferred_post.program(81): setting of constant failed
00:22:18: OGRE EXCEPTION(6:FileNotFoundException): Cannot locate resource DeferredShading/post/vs.cg in resource group Popular or any other group. in ResourceGroupManager::openResource at ..\..\..\..\OgreMain\src\OgreResourceGroupManager.cpp (line 753)
00:22:18: High-level program DeferredShading/post/vs encountered an error during loading and is thus not supported.
OGRE EXCEPTION(6:FileNotFoundException): Cannot locate resource DeferredShading/post/vs.cg in resource group Popular or any other group. in ResourceGroupManager::openResource at ..\..\..\..\OgreMain\src\OgreResourceGroupManager.cpp (line 753)
00:22:18: OGRE EXCEPTION(2:InvalidParametersException): Named constants have not been initialised, perhaps a compile error. in GpuProgramParameters::_findNamedConstantDefinition at ..\..\..\..\OgreMain\src\OgreGpuProgramParams.cpp (line 1423)
00:22:18: Compiler error: invalid parameters in deferred_post.program(94): setting of constant failed
00:22:18: OGRE EXCEPTION(2:InvalidParametersException): Named constants have not been initialised, perhaps a compile error. in GpuProgramParameters::_findNamedConstantDefinition at ..\..\..\..\OgreMain\src\OgreGpuProgramParams.cpp (line 1423)
00:22:18: Compiler error: invalid parameters in deferred_post.program(95): setting of constant failed
00:22:18: Parsing script ShadowCaster.program
00:22:18: Parsing script ASCII.material
00:22:18: Parsing script ASMSwizzle.material
00:22:18: Parsing script BlackAndWhite.material
00:22:18: Parsing script Bloom.material
00:22:18: Parsing script Bloom2.material
00:22:18: Parsing script CGSwizzle.material
00:22:18: Parsing script CompositorDemo.material
00:22:18: Parsing script DepthShadowmap.material
00:22:18: OGRE EXCEPTION(6:FileNotFoundException): Cannot open file: DepthShadowmapCasterVp.glsl in FileSystemArchive::open at ..\..\..\..\OgreMain\src\OgreFileSystem.cpp (line 251)
00:22:18: High-level program Ogre/DepthShadowmap/CasterVP_GLSL encountered an error during loading and is thus not supported.
OGRE EXCEPTION(6:FileNotFoundException): Cannot open file: DepthShadowmapCasterVp.glsl in FileSystemArchive::open at ..\..\..\..\OgreMain\src\OgreFileSystem.cpp (line 251)
00:22:18: OGRE EXCEPTION(2:InvalidParametersException): Named constants have not been initialised, perhaps a compile error. in GpuProgramParameters::_findNamedConstantDefinition at ..\..\..\..\OgreMain\src\OgreGpuProgramParams.cpp (line 1423)
00:22:18: Compiler error: invalid parameters in DepthShadowmap.material(158): setting of constant failed
00:22:18: OGRE EXCEPTION(2:InvalidParametersException): Named constants have not been initialised, perhaps a compile error. in GpuProgramParameters::_findNamedConstantDefinition at ..\..\..\..\OgreMain\src\OgreGpuProgramParams.cpp (line 1423)
00:22:18: Compiler error: invalid parameters in DepthShadowmap.material(159): setting of constant failed
00:22:18: OGRE EXCEPTION(6:FileNotFoundException): Cannot open file: DepthShadowmapCasterFp.glsl in FileSystemArchive::open at ..\..\..\..\OgreMain\src\OgreFileSystem.cpp (line 251)
00:22:18: High-level program Ogre/DepthShadowmap/CasterFP_GLSL encountered an error during loading and is thus not supported.
OGRE EXCEPTION(6:FileNotFoundException): Cannot open file: DepthShadowmapCasterFp.glsl in FileSystemArchive::open at ..\..\..\..\OgreMain\src\OgreFileSystem.cpp (line 251)
00:22:18: OGRE EXCEPTION(6:FileNotFoundException): Cannot open file: DepthShadowmapReceiverVp.glsl in FileSystemArchive::open at ..\..\..\..\OgreMain\src\OgreFileSystem.cpp (line 251)
00:22:18: High-level program Ogre/DepthShadowmap/ReceiverVP_GLSL encountered an error during loading and is thus not supported.
OGRE EXCEPTION(6:FileNotFoundException): Cannot open file: DepthShadowmapReceiverVp.glsl in FileSystemArchive::open at ..\..\..\..\OgreMain\src\OgreFileSystem.cpp (line 251)
00:22:18: OGRE EXCEPTION(2:InvalidParametersException): Named constants have not been initialised, perhaps a compile error. in GpuProgramParameters::_findNamedConstantDefinition at ..\..\..\..\OgreMain\src\OgreGpuProgramParams.cpp (line 1423)
00:22:18: Compiler error: invalid parameters in DepthShadowmap.material(185): setting of constant failed
00:22:18: OGRE EXCEPTION(2:InvalidParametersException): Named constants have not been initialised, perhaps a compile error. in GpuProgramParameters::_findNamedConstantDefinition at ..\..\..\..\OgreMain\src\OgreGpuProgramParams.cpp (line 1423)
00:22:18: Compiler error: invalid parameters in DepthShadowmap.material(186): setting of constant failed
00:22:18: OGRE EXCEPTION(2:InvalidParametersException): Named constants have not been initialised, perhaps a compile error. in GpuProgramParameters::_findNamedConstantDefinition at ..\..\..\..\OgreMain\src\OgreGpuProgramParams.cpp (line 1423)
00:22:18: Compiler error: invalid parameters in DepthShadowmap.material(187): setting of constant failed
00:22:18: OGRE EXCEPTION(2:InvalidParametersException): Named constants have not been initialised, perhaps a compile error. in GpuProgramParameters::_findNamedConstantDefinition at ..\..\..\..\OgreMain\src\OgreGpuProgramParams.cpp (line 1423)
00:22:18: Compiler error: invalid parameters in DepthShadowmap.material(188): setting of constant failed
00:22:18: OGRE EXCEPTION(2:InvalidParametersException): Named constants have not been initialised, perhaps a compile error. in GpuProgramParameters::_findNamedConstantDefinition at ..\..\..\..\OgreMain\src\OgreGpuProgramParams.cpp (line 1423)
00:22:18: Compiler error: invalid parameters in DepthShadowmap.material(189): setting of constant failed
00:22:18: OGRE EXCEPTION(2:InvalidParametersException): Named constants have not been initialised, perhaps a compile error. in GpuProgramParameters::_findNamedConstantDefinition at ..\..\..\..\OgreMain\src\OgreGpuProgramParams.cpp (line 1423)
00:22:18: Compiler error: invalid parameters in DepthShadowmap.material(190): setting of constant failed
00:22:18: OGRE EXCEPTION(6:FileNotFoundException): Cannot open file: DepthShadowmapReceiverFp.glsl in FileSystemArchive::open at ..\..\..\..\OgreMain\src\OgreFileSystem.cpp (line 251)
00:22:18: High-level program Ogre/DepthShadowmap/ReceiverFP_GLSL encountered an error during loading and is thus not supported.
OGRE EXCEPTION(6:FileNotFoundException): Cannot open file: DepthShadowmapReceiverFp.glsl in FileSystemArchive::open at ..\..\..\..\OgreMain\src\OgreFileSystem.cpp (line 251)
00:22:18: OGRE EXCEPTION(2:InvalidParametersException): Named constants have not been initialised, perhaps a compile error. in GpuProgramParameters::_findNamedConstantDefinition at ..\..\..\..\OgreMain\src\OgreGpuProgramParams.cpp (line 1423)
00:22:18: Compiler error: invalid parameters in DepthShadowmap.material(204): setting of constant failed
00:22:18: OGRE EXCEPTION(2:InvalidParametersException): Named constants have not been initialised, perhaps a compile error. in GpuProgramParameters::_findNamedConstantDefinition at ..\..\..\..\OgreMain\src\OgreGpuProgramParams.cpp (line 1423)
00:22:18: Compiler error: invalid parameters in DepthShadowmap.material(205): setting of constant failed
00:22:18: OGRE EXCEPTION(2:InvalidParametersException): Named constants have not been initialised, perhaps a compile error. in GpuProgramParameters::_findNamedConstantDefinition at ..\..\..\..\OgreMain\src\OgreGpuProgramParams.cpp (line 1423)
00:22:18: Compiler error: invalid parameters in DepthShadowmap.material(206): setting of constant failed
00:22:18: OGRE EXCEPTION(2:InvalidParametersException): Named constants have not been initialised, perhaps a compile error. in GpuProgramParameters::_findNamedConstantDefinition at ..\..\..\..\OgreMain\src\OgreGpuProgramParams.cpp (line 1423)
00:22:18: Compiler error: invalid parameters in DepthShadowmap.material(207): setting of constant failed
00:22:18: OGRE EXCEPTION(2:InvalidParametersException): Named constants have not been initialised, perhaps a compile error. in GpuProgramParameters::_findNamedConstantDefinition at ..\..\..\..\OgreMain\src\OgreGpuProgramParams.cpp (line 1423)
00:22:18: Compiler error: invalid parameters in DepthShadowmap.material(208): setting of constant failed
00:22:18: OGRE EXCEPTION(6:FileNotFoundException): Cannot open file: DepthShadowmapReceiverFp.glsl in FileSystemArchive::open at ..\..\..\..\OgreMain\src\OgreFileSystem.cpp (line 251)
00:22:18: High-level program Ogre/DepthShadowmap/ReceiverFPPCF_GLSL encountered an error during loading and is thus not supported.
OGRE EXCEPTION(6:FileNotFoundException): Cannot open file: DepthShadowmapReceiverFp.glsl in FileSystemArchive::open at ..\..\..\..\OgreMain\src\OgreFileSystem.cpp (line 251)
00:22:18: OGRE EXCEPTION(2:InvalidParametersException): Named constants have not been initialised, perhaps a compile error. in GpuProgramParameters::_findNamedConstantDefinition at ..\..\..\..\OgreMain\src\OgreGpuProgramParams.cpp (line 1423)
00:22:18: Compiler error: invalid parameters in DepthShadowmap.material(221): setting of constant failed
00:22:18: OGRE EXCEPTION(2:InvalidParametersException): Named constants have not been initialised, perhaps a compile error. in GpuProgramParameters::_findNamedConstantDefinition at ..\..\..\..\OgreMain\src\OgreGpuProgramParams.cpp (line 1423)
00:22:18: Compiler error: invalid parameters in DepthShadowmap.material(222): setting of constant failed
00:22:18: OGRE EXCEPTION(2:InvalidParametersException): Named constants have not been initialised, perhaps a compile error. in GpuProgramParameters::_findNamedConstantDefinition at ..\..\..\..\OgreMain\src\OgreGpuProgramParams.cpp (line 1423)
00:22:18: Compiler error: invalid parameters in DepthShadowmap.material(223): setting of constant failed
00:22:18: OGRE EXCEPTION(6:FileNotFoundException): Cannot open file: DepthShadowmapNormalMapReceiverVp.glsl in FileSystemArchive::open at ..\..\..\..\OgreMain\src\OgreFileSystem.cpp (line 251)
00:22:18: High-level program Ogre/DepthShadowmap/NormalMapReceiverVP_GLSL encountered an error during loading and is thus not supported.
OGRE EXCEPTION(6:FileNotFoundException): Cannot open file: DepthShadowmapNormalMapReceiverVp.glsl in FileSystemArchive::open at ..\..\..\..\OgreMain\src\OgreFileSystem.cpp (line 251)
00:22:18: OGRE EXCEPTION(2:InvalidParametersException): Named constants have not been initialised, perhaps a compile error. in GpuProgramParameters::_findNamedConstantDefinition at ..\..\..\..\OgreMain\src\OgreGpuProgramParams.cpp (line 1423)
00:22:18: Compiler error: invalid parameters in DepthShadowmap.material(235): setting of constant failed
00:22:18: OGRE EXCEPTION(2:InvalidParametersException): Named constants have not been initialised, perhaps a compile error. in GpuProgramParameters::_findNamedConstantDefinition at ..\..\..\..\OgreMain\src\OgreGpuProgramParams.cpp (line 1423)
00:22:18: Compiler error: invalid parameters in DepthShadowmap.material(236): setting of constant failed
00:22:18: OGRE EXCEPTION(2:InvalidParametersException): Named constants have not been initialised, perhaps a compile error. in GpuProgramParameters::_findNamedConstantDefinition at ..\..\..\..\OgreMain\src\OgreGpuProgramParams.cpp (line 1423)
00:22:18: Compiler error: invalid parameters in DepthShadowmap.material(237): setting of constant failed
00:22:18: OGRE EXCEPTION(2:InvalidParametersException): Named constants have not been initialised, perhaps a compile error. in GpuProgramParameters::_findNamedConstantDefinition at ..\..\..\..\OgreMain\src\OgreGpuProgramParams.cpp (line 1423)
00:22:18: Compiler error: invalid parameters in DepthShadowmap.material(238): setting of constant failed
00:22:18: OGRE EXCEPTION(6:FileNotFoundException): Cannot open file: DepthShadowmapNormalMapReceiverFp.glsl in FileSystemArchive::open at ..\..\..\..\OgreMain\src\OgreFileSystem.cpp (line 251)
00:22:18: High-level program Ogre/DepthShadowmap/NormalMapReceiverFP_GLSL encountered an error during loading and is thus not supported.
OGRE EXCEPTION(6:FileNotFoundException): Cannot open file: DepthShadowmapNormalMapReceiverFp.glsl in FileSystemArchive::open at ..\..\..\..\OgreMain\src\OgreFileSystem.cpp (line 251)
00:22:18: OGRE EXCEPTION(2:InvalidParametersException): Named constants have not been initialised, perhaps a compile error. in GpuProgramParameters::_findNamedConstantDefinition at ..\..\..\..\OgreMain\src\OgreGpuProgramParams.cpp (line 1423)
00:22:18: Compiler error: invalid parameters in DepthShadowmap.material(251): setting of constant failed
00:22:18: OGRE EXCEPTION(2:InvalidParametersException): Named constants have not been initialised, perhaps a compile error. in GpuProgramParameters::_findNamedConstantDefinition at ..\..\..\..\OgreMain\src\OgreGpuProgramParams.cpp (line 1423)
00:22:18: Compiler error: invalid parameters in DepthShadowmap.material(252): setting of constant failed
00:22:18: OGRE EXCEPTION(2:InvalidParametersException): Named constants have not been initialised, perhaps a compile error. in GpuProgramParameters::_findNamedConstantDefinition at ..\..\..\..\OgreMain\src\OgreGpuProgramParams.cpp (line 1423)
00:22:18: Compiler error: invalid parameters in DepthShadowmap.material(253): setting of constant failed
00:22:18: OGRE EXCEPTION(2:InvalidParametersException): Named constants have not been initialised, perhaps a compile error. in GpuProgramParameters::_findNamedConstantDefinition at ..\..\..\..\OgreMain\src\OgreGpuProgramParams.cpp (line 1423)
00:22:18: Compiler error: invalid parameters in DepthShadowmap.material(254): setting of constant failed
00:22:18: OGRE EXCEPTION(2:InvalidParametersException): Named constants have not been initialised, perhaps a compile error. in GpuProgramParameters::_findNamedConstantDefinition at ..\..\..\..\OgreMain\src\OgreGpuProgramParams.cpp (line 1423)
00:22:18: Compiler error: invalid parameters in DepthShadowmap.material(255): setting of constant failed
00:22:18: OGRE EXCEPTION(2:InvalidParametersException): Named constants have not been initialised, perhaps a compile error. in GpuProgramParameters::_findNamedConstantDefinition at ..\..\..\..\OgreMain\src\OgreGpuProgramParams.cpp (line 1423)
00:22:18: Compiler error: invalid parameters in DepthShadowmap.material(258): setting of constant failed
00:22:18: OGRE EXCEPTION(2:InvalidParametersException): Named constants have not been initialised, perhaps a compile error. in GpuProgramParameters::_findNamedConstantDefinition at ..\..\..\..\OgreMain\src\OgreGpuProgramParams.cpp (line 1423)
00:22:18: Compiler error: invalid parameters in DepthShadowmap.material(259): setting of constant failed
00:22:18: OGRE EXCEPTION(6:FileNotFoundException): Cannot open file: DepthShadowmapNormalMapReceiverFp.glsl in FileSystemArchive::open at ..\..\..\..\OgreMain\src\OgreFileSystem.cpp (line 251)
00:22:18: High-level program Ogre/DepthShadowmap/NormalMapReceiverFPPCF_GLSL encountered an error during loading and is thus not supported.
OGRE EXCEPTION(6:FileNotFoundException): Cannot open file: DepthShadowmapNormalMapReceiverFp.glsl in FileSystemArchive::open at ..\..\..\..\OgreMain\src\OgreFileSystem.cpp (line 251)
00:22:18: OGRE EXCEPTION(2:InvalidParametersException): Named constants have not been initialised, perhaps a compile error. in GpuProgramParameters::_findNamedConstantDefinition at ..\..\..\..\OgreMain\src\OgreGpuProgramParams.cpp (line 1423)
00:22:18: Compiler error: invalid parameters in DepthShadowmap.material(270): setting of constant failed
00:22:18: OGRE EXCEPTION(2:InvalidParametersException): Named constants have not been initialised, perhaps a compile error. in GpuProgramParameters::_findNamedConstantDefinition at ..\..\..\..\OgreMain\src\OgreGpuProgramParams.cpp (line 1423)
00:22:18: Compiler error: invalid parameters in DepthShadowmap.material(271): setting of constant failed
00:22:18: OGRE EXCEPTION(2:InvalidParametersException): Named constants have not been initialised, perhaps a compile error. in GpuProgramParameters::_findNamedConstantDefinition at ..\..\..\..\OgreMain\src\OgreGpuProgramParams.cpp (line 1423)
00:22:18: Compiler error: invalid parameters in DepthShadowmap.material(272): setting of constant failed
00:22:18: OGRE EXCEPTION(2:InvalidParametersException): Named constants have not been initialised, perhaps a compile error. in GpuProgramParameters::_findNamedConstantDefinition at ..\..\..\..\OgreMain\src\OgreGpuProgramParams.cpp (line 1423)
00:22:18: Compiler error: invalid parameters in DepthShadowmap.material(273): setting of constant failed
00:22:18: OGRE EXCEPTION(2:InvalidParametersException): Named constants have not been initialised, perhaps a compile error. in GpuProgramParameters::_findNamedConstantDefinition at ..\..\..\..\OgreMain\src\OgreGpuProgramParams.cpp (line 1423)
00:22:18: Compiler error: invalid parameters in DepthShadowmap.material(274): setting of constant failed
00:22:18: OGRE EXCEPTION(2:InvalidParametersException): Named constants have not been initialised, perhaps a compile error. in GpuProgramParameters::_findNamedConstantDefinition at ..\..\..\..\OgreMain\src\OgreGpuProgramParams.cpp (line 1423)
00:22:18: Compiler error: invalid parameters in DepthShadowmap.material(277): setting of constant failed
00:22:18: OGRE EXCEPTION(2:InvalidParametersException): Named constants have not been initialised, perhaps a compile error. in GpuProgramParameters::_findNamedConstantDefinition at ..\..\..\..\OgreMain\src\OgreGpuProgramParams.cpp (line 1423)
00:22:18: Compiler error: invalid parameters in DepthShadowmap.material(278): setting of constant failed
00:22:18: Parsing script Dither.material
00:22:18: Parsing script DOF.material
00:22:18: Parsing script Embossed.material
00:22:18: Parsing script Example-Water.material
00:22:18: Parsing script Examples-Advanced.material
00:22:18: OGRE EXCEPTION(6:FileNotFoundException): Cannot open file: Examples-Advanced.material in FileSystemArchive::open at ..\..\..\..\OgreMain\src\OgreFileSystem.cpp (line 251)
