bin\Release\demo_hello.pdb
D:\USERS\WINGO\TEACHING\3D_PROGRAMMING\SOURCE_CODE\3DGAME_OGRE_VC_9_V1-7-1_NET2010_ASSIGNMENTS\PROGRAMS\3DGP_02_201502_CONTROLCHARACTERS\BIN\RELEASE\DEMO_HELLO.EXE
D:\USERS\WINGO\TEACHING\3D_PROGRAMMING\SOURCE_CODE\3DGAME_OGRE_VC_9_V1-7-1_NET2010_ASSIGNMENTS\PROGRAMS\3DGP_02_201502_CONTROLCHARACTERS\BIN\RELEASE\DEMO_HELLO.PDB
D:\USERS\WINGO\TEACHING\3D_PROGRAMMING\SOURCE_CODE\3DGAME_OGRE_VC_9_V1-7-1_NET2010_ASSIGNMENTS\PROGRAMS\3DGP_02_201502_CONTROLCHARACTERS\RELEASE\BASEAPPLICATION.OBJ
D:\USERS\WINGO\TEACHING\3D_PROGRAMMING\SOURCE_CODE\3DGAME_OGRE_VC_9_V1-7-1_NET2010_ASSIGNMENTS\PROGRAMS\3DGP_02_201502_CONTROLCHARACTERS\RELEASE\BASICTOOLS.OBJ
D:\USERS\WINGO\TEACHING\3D_PROGRAMMING\SOURCE_CODE\3DGAME_OGRE_VC_9_V1-7-1_NET2010_ASSIGNMENTS\PROGRAMS\3DGP_02_201502_CONTROLCHARACTERS\RELEASE\DEMO_HELLO.EXE.INTERMEDIATE.MANIFEST
D:\USERS\WINGO\TEACHING\3D_PROGRAMMING\SOURCE_CODE\3DGAME_OGRE_VC_9_V1-7-1_NET2010_ASSIGNMENTS\PROGRAMS\3DGP_02_201502_CONTROLCHARACTERS\RELEASE\SELECTION_RECTANGLE.OBJ
D:\USERS\WINGO\TEACHING\3D_PROGRAMMING\SOURCE_CODE\3DGAME_OGRE_VC_9_V1-7-1_NET2010_ASSIGNMENTS\PROGRAMS\3DGP_02_201502_CONTROLCHARACTERS\RELEASE\TUTORIALAPPLICATION.OBJ
D:\USERS\WINGO\TEACHING\3D_PROGRAMMING\SOURCE_CODE\3DGAME_OGRE_VC_9_V1-7-1_NET2010_ASSIGNMENTS\PROGRAMS\3DGP_02_201502_CONTROLCHARACTERS\RELEASE\VC100.PDB
D:\users\wingo\teaching\3D_Programming\source_code\3DGame_Ogre_vc_9_v1-7-1_NET2010_Assignments\programs\3DGP_Path_Finding\bin\Release\demo_hello.exe
D:\users\wingo\teaching\3D_Programming\source_code\3DGame_Ogre_vc_9_v1-7-1_NET2010_Assignments\programs\3DGP_Path_Finding\Release\BaseApplication.obj
D:\users\wingo\teaching\3D_Programming\source_code\3DGame_Ogre_vc_9_v1-7-1_NET2010_Assignments\programs\3DGP_Path_Finding\Release\BasicTools.obj
D:\users\wingo\teaching\3D_Programming\source_code\3DGame_Ogre_vc_9_v1-7-1_NET2010_Assignments\programs\3DGP_Path_Finding\Release\cl.command.1.tlog
D:\users\wingo\teaching\3D_Programming\source_code\3DGame_Ogre_vc_9_v1-7-1_NET2010_Assignments\programs\3DGP_Path_Finding\Release\CL.read.1.tlog
D:\users\wingo\teaching\3D_Programming\source_code\3DGame_Ogre_vc_9_v1-7-1_NET2010_Assignments\programs\3DGP_Path_Finding\Release\CL.write.1.tlog
D:\users\wingo\teaching\3D_Programming\source_code\3DGame_Ogre_vc_9_v1-7-1_NET2010_Assignments\programs\3DGP_Path_Finding\Release\demo_hello.exe.intermediate.manifest
D:\users\wingo\teaching\3D_Programming\source_code\3DGame_Ogre_vc_9_v1-7-1_NET2010_Assignments\programs\3DGP_Path_Finding\Release\demo_hello.vcxprojResolveAssemblyReference.cache
D:\users\wingo\teaching\3D_Programming\source_code\3DGame_Ogre_vc_9_v1-7-1_NET2010_Assignments\programs\3DGP_Path_Finding\Release\demo_hello.write.1.tlog
D:\users\wingo\teaching\3D_Programming\source_code\3DGame_Ogre_vc_9_v1-7-1_NET2010_Assignments\programs\3DGP_Path_Finding\Release\link.command.1.tlog
D:\users\wingo\teaching\3D_Programming\source_code\3DGame_Ogre_vc_9_v1-7-1_NET2010_Assignments\programs\3DGP_Path_Finding\Release\link.read.1.tlog
D:\users\wingo\teaching\3D_Programming\source_code\3DGame_Ogre_vc_9_v1-7-1_NET2010_Assignments\programs\3DGP_Path_Finding\Release\link.write.1.tlog
D:\users\wingo\teaching\3D_Programming\source_code\3DGame_Ogre_vc_9_v1-7-1_NET2010_Assignments\programs\3DGP_Path_Finding\Release\mt.command.1.tlog
D:\users\wingo\teaching\3D_Programming\source_code\3DGame_Ogre_vc_9_v1-7-1_NET2010_Assignments\programs\3DGP_Path_Finding\Release\mt.read.1.tlog
D:\users\wingo\teaching\3D_Programming\source_code\3DGame_Ogre_vc_9_v1-7-1_NET2010_Assignments\programs\3DGP_Path_Finding\Release\mt.write.1.tlog
D:\users\wingo\teaching\3D_Programming\source_code\3DGame_Ogre_vc_9_v1-7-1_NET2010_Assignments\programs\3DGP_Path_Finding\Release\selection_rectangle.obj
D:\users\wingo\teaching\3D_Programming\source_code\3DGame_Ogre_vc_9_v1-7-1_NET2010_Assignments\programs\3DGP_Path_Finding\Release\TutorialApplication.obj
D:\users\wingo\teaching\3D_Programming\source_code\3DGame_Ogre_vc_9_v1-7-1_NET2010_Assignments\programs\3DGP_Path_Finding\Release\vc100.pdb
